2024-05-08 11:53:45,568 [main] INFO  [CamSenseHubApplication] - [USER=""] - [COUNTER=""] - [REF=""] - Starting CamSenseHubApplication using Java 17.0.9 with PID 27876 (C:\Users\MutaherAffan\Downloads\cam-sense-hub\cam-sense-hub\target\classes started by MutaherAffan in C:\Users\MutaherAffan\Downloads\cam-sense-hub\cam-sense-hub)
2024-05-08 11:53:45,570 [main] INFO  [CamSenseHubApplication] - [USER=""] - [COUNTER=""] - [REF=""] - No active profile set, falling back to 1 default profile: "default"
2024-05-08 11:53:46,403 [main] INFO  [RepositoryConfigurationDelegate] - [USER=""] - [COUNTER=""] - [REF=""] - Bootstrapping Spring Data MongoDB repositories in DEFAULT mode.
2024-05-08 11:53:46,457 [main] INFO  [RepositoryConfigurationDelegate] - [USER=""] - [COUNTER=""] - [REF=""] - Finished Spring Data repository scanning in 48 ms. Found 1 MongoDB repository interface.
2024-05-08 11:53:46,948 [main] INFO  [TomcatWebServer] - [USER=""] - [COUNTER=""] - [REF=""] - Tomcat initialized with port 9091 (http)
2024-05-08 11:53:46,960 [main] INFO  [Http11NioProtocol] - [USER=""] - [COUNTER=""] - [REF=""] - Initializing ProtocolHandler ["http-nio-9091"]
2024-05-08 11:53:46,962 [main] INFO  [StandardService] - [USER=""] - [COUNTER=""] - [REF=""] - Starting service [Tomcat]
2024-05-08 11:53:46,963 [main] INFO  [StandardEngine] - [USER=""] - [COUNTER=""] - [REF=""] - Starting Servlet engine: [Apache Tomcat/10.1.20]
2024-05-08 11:53:47,027 [main] INFO  [[/]] - [USER=""] - [COUNTER=""] - [REF=""] - Initializing Spring embedded WebApplicationContext
2024-05-08 11:53:47,028 [main] INFO  [ServletWebServerApplicationContext] - [USER=""] - [COUNTER=""] - [REF=""] - Root WebApplicationContext: initialization completed in 1416 ms
2024-05-08 11:53:47,377 [main] INFO  [client] - [USER=""] - [COUNTER=""] - [REF=""] - MongoClient with metadata {"driver": {"name": "mongo-java-driver|sync|spring-boot", "version": "4.11.2"}, "os": {"type": "Windows", "name": "Windows 11", "architecture": "amd64", "version": "10.0"}, "platform": "Java/Amazon.com Inc./17.0.9+8-LTS"} created with settings MongoClientSettings{readPreference=primary, writeConcern=WriteConcern{w=null, wTimeout=null ms, journal=null}, retryWrites=true, retryReads=true, readConcern=ReadConcern{level=null}, credential=null, transportSettings=null, streamFactoryFactory=null, commandListeners=[], codecRegistry=ProvidersCodecRegistry{codecProviders=[ValueCodecProvider{}, BsonValueCodecProvider{}, DBRefCodecProvider{}, DBObjectCodecProvider{}, DocumentCodecProvider{}, CollectionCodecProvider{}, IterableCodecProvider{}, MapCodecProvider{}, GeoJsonCodecProvider{}, GridFSFileCodecProvider{}, Jsr310CodecProvider{}, JsonObjectCodecProvider{}, BsonCodecProvider{}, EnumCodecProvider{}, com.mongodb.client.model.mql.ExpressionCodecProvider@543d5863, com.mongodb.Jep395RecordCodecProvider@35dece42, com.mongodb.KotlinCodecProvider@dd3f8aa]}, loggerSettings=LoggerSettings{maxDocumentLength=1000}, clusterSettings={hosts=[localhost:27017], srvServiceName=mongodb, mode=SINGLE, requiredClusterType=UNKNOWN, requiredReplicaSetName='null', serverSelector='null', clusterListeners='[]', serverSelectionTimeout='30000 ms', localThreshold='15 ms'}, socketSettings=SocketSettings{connectTimeoutMS=10000, readTimeoutMS=0, receiveBufferSize=0, proxySettings=ProxySettings{host=null, port=null, username=null, password=null}}, heartbeatSocketSettings=SocketSettings{connectTimeoutMS=10000, readTimeoutMS=10000, receiveBufferSize=0, proxySettings=ProxySettings{host=null, port=null, username=null, password=null}}, connectionPoolSettings=ConnectionPoolSettings{maxSize=100, minSize=0, maxWaitTimeMS=120000, maxConnectionLifeTimeMS=0, maxConnectionIdleTimeMS=0, maintenanceInitialDelayMS=0, maintenanceFrequencyMS=60000, connectionPoolListeners=[], maxConnecting=2}, serverSettings=ServerSettings{heartbeatFrequencyMS=10000, minHeartbeatFrequencyMS=500, serverListeners='[]', serverMonitorListeners='[]'}, sslSettings=SslSettings{enabled=false, invalidHostNameAllowed=false, context=null}, applicationName='null', compressorList=[], uuidRepresentation=JAVA_LEGACY, serverApi=null, autoEncryptionSettings=null, dnsClient=null, inetAddressResolver=null, contextProvider=null}
2024-05-08 11:53:47,446 [cluster-ClusterId{value='663b217b0935c709c6dd3280', description='null'}-localhost:27017] INFO  [cluster] - [USER=""] - [COUNTER=""] - [REF=""] - Monitor thread successfully connected to server with description ServerDescription{address=localhost:27017, type=STANDALONE, state=CONNECTED, ok=true, minWireVersion=0, maxWireVersion=17, maxDocumentSize=16777216, logicalSessionTimeoutMinutes=30, roundTripTimeNanos=77341000}
2024-05-08 11:53:48,099 [main] INFO  [Http11NioProtocol] - [USER=""] - [COUNTER=""] - [REF=""] - Starting ProtocolHandler ["http-nio-9091"]
2024-05-08 11:53:48,121 [main] INFO  [TomcatWebServer] - [USER=""] - [COUNTER=""] - [REF=""] - Tomcat started on port 9091 (http) with context path ''
2024-05-08 11:53:48,130 [main] INFO  [CamSenseHubApplication] - [USER=""] - [COUNTER=""] - [REF=""] - Started CamSenseHubApplication in 3.247 seconds (process running for 4.99)
2024-05-08 11:58:16,910 [http-nio-9091-exec-1] INFO  [[/]] - [USER=""] - [COUNTER=""] - [REF=""] - Initializing Spring DispatcherServlet 'dispatcherServlet'
2024-05-08 11:58:16,910 [http-nio-9091-exec-1] INFO  [DispatcherServlet] - [USER=""] - [COUNTER=""] - [REF=""] - Initializing Servlet 'dispatcherServlet'
2024-05-08 11:58:16,912 [http-nio-9091-exec-1] INFO  [DispatcherServlet] - [USER=""] - [COUNTER=""] - [REF=""] - Completed initialization in 2 ms
2024-05-08 11:58:16,977 [http-nio-9091-exec-1] INFO  [WebSocketHandler] - [USER=""] - [COUNTER=""] - [REF=""] - Connection established on session: 0a5662b9-3612-ad23-9832-193da9d6db20
2024-05-08 11:58:57,741 [http-nio-9091-exec-2] INFO  [WebSocketHandler] - [USER=""] - [COUNTER=""] - [REF=""] - Connection closed on session: 0a5662b9-3612-ad23-9832-193da9d6db20 with status: 1000
2024-05-08 11:58:58,453 [http-nio-9091-exec-5] INFO  [WebSocketHandler] - [USER=""] - [COUNTER=""] - [REF=""] - Connection established on session: 4fc77ac9-f42d-88b2-cedf-6112fcc410a5
2024-05-08 11:59:29,825 [http-nio-9091-exec-4] INFO  [WebSocketHandler] - [USER=""] - [COUNTER=""] - [REF=""] - Connection closed on session: 4fc77ac9-f42d-88b2-cedf-6112fcc410a5 with status: 1000
2024-05-08 11:59:31,203 [http-nio-9091-exec-10] INFO  [WebSocketHandler] - [USER=""] - [COUNTER=""] - [REF=""] - Connection established on session: e012af0f-46b9-a718-c3a3-049aa2f7f1ba
2024-05-08 12:00:36,290 [http-nio-9091-exec-3] INFO  [WebSocketHandler] - [USER=""] - [COUNTER=""] - [REF=""] - Message: Spring Boot Tutorial
2024-05-08 12:03:48,718 [http-nio-9091-exec-7] INFO  [WebSocketHandler] - [USER=""] - [COUNTER=""] - [REF=""] - Message: Spring Boot Tutorial
2024-05-08 12:03:51,712 [http-nio-9091-exec-7] INFO  [WebSocketHandler] - [USER=""] - [COUNTER=""] - [REF=""] - Message: Hello to the World
2024-05-08 12:04:02,906 [http-nio-9091-exec-9] INFO  [WebSocketHandler] - [USER=""] - [COUNTER=""] - [REF=""] - Message: Hello to the World
2024-05-08 12:04:57,165 [http-nio-9091-exec-6] INFO  [WebSocketHandler] - [USER=""] - [COUNTER=""] - [REF=""] - Connection closed on session: e012af0f-46b9-a718-c3a3-049aa2f7f1ba with status: 1000
2024-05-08 12:05:32,435 [http-nio-9091-exec-8] INFO  [WebSocketHandler] - [USER=""] - [COUNTER=""] - [REF=""] - Connection established on session: 4d76bea7-15fe-03b0-afde-aa867d606c86
2024-05-08 12:06:04,648 [http-nio-9091-exec-1] INFO  [WebSocketHandler] - [USER=""] - [COUNTER=""] - [REF=""] - Message: Hello to the World
2024-05-08 12:08:01,874 [SpringApplicationShutdownHook] INFO  [WebSocketHandler] - [USER=""] - [COUNTER=""] - [REF=""] - Exception occured: java.nio.channels.ClosedChannelException on session: 4d76bea7-15fe-03b0-afde-aa867d606c86
2024-05-08 12:08:01,874 [SpringApplicationShutdownHook] INFO  [WebSocketHandler] - [USER=""] - [COUNTER=""] - [REF=""] - Connection closed on session: 4d76bea7-15fe-03b0-afde-aa867d606c86 with status: 1001
2024-05-08 12:08:07,364 [main] INFO  [CamSenseHubApplication] - [USER=""] - [COUNTER=""] - [REF=""] - Starting CamSenseHubApplication using Java 17.0.9 with PID 28576 (C:\Users\MutaherAffan\Downloads\cam-sense-hub\cam-sense-hub\target\classes started by MutaherAffan in C:\Users\MutaherAffan\Downloads\cam-sense-hub\cam-sense-hub)
2024-05-08 12:08:07,366 [main] INFO  [CamSenseHubApplication] - [USER=""] - [COUNTER=""] - [REF=""] - No active profile set, falling back to 1 default profile: "default"
2024-05-08 12:08:07,991 [main] INFO  [RepositoryConfigurationDelegate] - [USER=""] - [COUNTER=""] - [REF=""] - Bootstrapping Spring Data MongoDB repositories in DEFAULT mode.
2024-05-08 12:08:08,041 [main] INFO  [RepositoryConfigurationDelegate] - [USER=""] - [COUNTER=""] - [REF=""] - Finished Spring Data repository scanning in 45 ms. Found 1 MongoDB repository interface.
2024-05-08 12:08:08,437 [main] INFO  [TomcatWebServer] - [USER=""] - [COUNTER=""] - [REF=""] - Tomcat initialized with port 9091 (http)
2024-05-08 12:08:08,446 [main] INFO  [Http11NioProtocol] - [USER=""] - [COUNTER=""] - [REF=""] - Initializing ProtocolHandler ["http-nio-9091"]
2024-05-08 12:08:08,447 [main] INFO  [StandardService] - [USER=""] - [COUNTER=""] - [REF=""] - Starting service [Tomcat]
2024-05-08 12:08:08,447 [main] INFO  [StandardEngine] - [USER=""] - [COUNTER=""] - [REF=""] - Starting Servlet engine: [Apache Tomcat/10.1.20]
2024-05-08 12:08:08,493 [main] INFO  [[/]] - [USER=""] - [COUNTER=""] - [REF=""] - Initializing Spring embedded WebApplicationContext
2024-05-08 12:08:08,493 [main] INFO  [ServletWebServerApplicationContext] - [USER=""] - [COUNTER=""] - [REF=""] - Root WebApplicationContext: initialization completed in 1089 ms
2024-05-08 12:08:08,724 [main] INFO  [client] - [USER=""] - [COUNTER=""] - [REF=""] - MongoClient with metadata {"driver": {"name": "mongo-java-driver|sync|spring-boot", "version": "4.11.2"}, "os": {"type": "Windows", "name": "Windows 11", "architecture": "amd64", "version": "10.0"}, "platform": "Java/Amazon.com Inc./17.0.9+8-LTS"} created with settings MongoClientSettings{readPreference=primary, writeConcern=WriteConcern{w=null, wTimeout=null ms, journal=null}, retryWrites=true, retryReads=true, readConcern=ReadConcern{level=null}, credential=null, transportSettings=null, streamFactoryFactory=null, commandListeners=[], codecRegistry=ProvidersCodecRegistry{codecProviders=[ValueCodecProvider{}, BsonValueCodecProvider{}, DBRefCodecProvider{}, DBObjectCodecProvider{}, DocumentCodecProvider{}, CollectionCodecProvider{}, IterableCodecProvider{}, MapCodecProvider{}, GeoJsonCodecProvider{}, GridFSFileCodecProvider{}, Jsr310CodecProvider{}, JsonObjectCodecProvider{}, BsonCodecProvider{}, EnumCodecProvider{}, com.mongodb.client.model.mql.ExpressionCodecProvider@61191222, com.mongodb.Jep395RecordCodecProvider@58833798, com.mongodb.KotlinCodecProvider@7f3ca64a]}, loggerSettings=LoggerSettings{maxDocumentLength=1000}, clusterSettings={hosts=[localhost:27017], srvServiceName=mongodb, mode=SINGLE, requiredClusterType=UNKNOWN, requiredReplicaSetName='null', serverSelector='null', clusterListeners='[]', serverSelectionTimeout='30000 ms', localThreshold='15 ms'}, socketSettings=SocketSettings{connectTimeoutMS=10000, readTimeoutMS=0, receiveBufferSize=0, proxySettings=ProxySettings{host=null, port=null, username=null, password=null}}, heartbeatSocketSettings=SocketSettings{connectTimeoutMS=10000, readTimeoutMS=10000, receiveBufferSize=0, proxySettings=ProxySettings{host=null, port=null, username=null, password=null}}, connectionPoolSettings=ConnectionPoolSettings{maxSize=100, minSize=0, maxWaitTimeMS=120000, maxConnectionLifeTimeMS=0, maxConnectionIdleTimeMS=0, maintenanceInitialDelayMS=0, maintenanceFrequencyMS=60000, connectionPoolListeners=[], maxConnecting=2}, serverSettings=ServerSettings{heartbeatFrequencyMS=10000, minHeartbeatFrequencyMS=500, serverListeners='[]', serverMonitorListeners='[]'}, sslSettings=SslSettings{enabled=false, invalidHostNameAllowed=false, context=null}, applicationName='null', compressorList=[], uuidRepresentation=JAVA_LEGACY, serverApi=null, autoEncryptionSettings=null, dnsClient=null, inetAddressResolver=null, contextProvider=null}
2024-05-08 12:08:08,736 [cluster-ClusterId{value='663b24d80dd3d256b7629f34', description='null'}-localhost:27017] INFO  [cluster] - [USER=""] - [COUNTER=""] - [REF=""] - Monitor thread successfully connected to server with description ServerDescription{address=localhost:27017, type=STANDALONE, state=CONNECTED, ok=true, minWireVersion=0, maxWireVersion=17, maxDocumentSize=16777216, logicalSessionTimeoutMinutes=30, roundTripTimeNanos=19811700}
2024-05-08 12:08:09,332 [main] INFO  [Http11NioProtocol] - [USER=""] - [COUNTER=""] - [REF=""] - Starting ProtocolHandler ["http-nio-9091"]
2024-05-08 12:08:09,352 [main] INFO  [TomcatWebServer] - [USER=""] - [COUNTER=""] - [REF=""] - Tomcat started on port 9091 (http) with context path ''
2024-05-08 12:08:09,362 [main] INFO  [CamSenseHubApplication] - [USER=""] - [COUNTER=""] - [REF=""] - Started CamSenseHubApplication in 2.556 seconds (process running for 3.316)
2024-05-08 12:08:22,561 [http-nio-9091-exec-2] INFO  [[/]] - [USER=""] - [COUNTER=""] - [REF=""] - Initializing Spring DispatcherServlet 'dispatcherServlet'
2024-05-08 12:08:22,561 [http-nio-9091-exec-2] INFO  [DispatcherServlet] - [USER=""] - [COUNTER=""] - [REF=""] - Initializing Servlet 'dispatcherServlet'
2024-05-08 12:08:22,562 [http-nio-9091-exec-2] INFO  [DispatcherServlet] - [USER=""] - [COUNTER=""] - [REF=""] - Completed initialization in 1 ms
2024-05-08 12:09:04,551 [main] INFO  [CamSenseHubApplication] - [USER=""] - [COUNTER=""] - [REF=""] - Starting CamSenseHubApplication using Java 17.0.9 with PID 13444 (C:\Users\MutaherAffan\Downloads\cam-sense-hub\cam-sense-hub\target\classes started by MutaherAffan in C:\Users\MutaherAffan\Downloads\cam-sense-hub\cam-sense-hub)
2024-05-08 12:09:04,552 [main] INFO  [CamSenseHubApplication] - [USER=""] - [COUNTER=""] - [REF=""] - No active profile set, falling back to 1 default profile: "default"
2024-05-08 12:09:05,086 [main] INFO  [RepositoryConfigurationDelegate] - [USER=""] - [COUNTER=""] - [REF=""] - Bootstrapping Spring Data MongoDB repositories in DEFAULT mode.
2024-05-08 12:09:05,138 [main] INFO  [RepositoryConfigurationDelegate] - [USER=""] - [COUNTER=""] - [REF=""] - Finished Spring Data repository scanning in 49 ms. Found 1 MongoDB repository interface.
2024-05-08 12:09:05,475 [main] INFO  [TomcatWebServer] - [USER=""] - [COUNTER=""] - [REF=""] - Tomcat initialized with port 9091 (http)
2024-05-08 12:09:05,482 [main] INFO  [Http11NioProtocol] - [USER=""] - [COUNTER=""] - [REF=""] - Initializing ProtocolHandler ["http-nio-9091"]
2024-05-08 12:09:05,485 [main] INFO  [StandardService] - [USER=""] - [COUNTER=""] - [REF=""] - Starting service [Tomcat]
2024-05-08 12:09:05,485 [main] INFO  [StandardEngine] - [USER=""] - [COUNTER=""] - [REF=""] - Starting Servlet engine: [Apache Tomcat/10.1.20]
2024-05-08 12:09:05,537 [main] INFO  [[/]] - [USER=""] - [COUNTER=""] - [REF=""] - Initializing Spring embedded WebApplicationContext
2024-05-08 12:09:05,537 [main] INFO  [ServletWebServerApplicationContext] - [USER=""] - [COUNTER=""] - [REF=""] - Root WebApplicationContext: initialization completed in 942 ms
2024-05-08 12:09:05,702 [main] INFO  [client] - [USER=""] - [COUNTER=""] - [REF=""] - MongoClient with metadata {"driver": {"name": "mongo-java-driver|sync|spring-boot", "version": "4.11.2"}, "os": {"type": "Windows", "name": "Windows 11", "architecture": "amd64", "version": "10.0"}, "platform": "Java/Amazon.com Inc./17.0.9+8-LTS"} created with settings MongoClientSettings{readPreference=primary, writeConcern=WriteConcern{w=null, wTimeout=null ms, journal=null}, retryWrites=true, retryReads=true, readConcern=ReadConcern{level=null}, credential=null, transportSettings=null, streamFactoryFactory=null, commandListeners=[], codecRegistry=ProvidersCodecRegistry{codecProviders=[ValueCodecProvider{}, BsonValueCodecProvider{}, DBRefCodecProvider{}, DBObjectCodecProvider{}, DocumentCodecProvider{}, CollectionCodecProvider{}, IterableCodecProvider{}, MapCodecProvider{}, GeoJsonCodecProvider{}, GridFSFileCodecProvider{}, Jsr310CodecProvider{}, JsonObjectCodecProvider{}, BsonCodecProvider{}, EnumCodecProvider{}, com.mongodb.client.model.mql.ExpressionCodecProvider@79a13920, com.mongodb.Jep395RecordCodecProvider@182e7eda, com.mongodb.KotlinCodecProvider@5f61371d]}, loggerSettings=LoggerSettings{maxDocumentLength=1000}, clusterSettings={hosts=[localhost:27017], srvServiceName=mongodb, mode=SINGLE, requiredClusterType=UNKNOWN, requiredReplicaSetName='null', serverSelector='null', clusterListeners='[]', serverSelectionTimeout='30000 ms', localThreshold='15 ms'}, socketSettings=SocketSettings{connectTimeoutMS=10000, readTimeoutMS=0, receiveBufferSize=0, proxySettings=ProxySettings{host=null, port=null, username=null, password=null}}, heartbeatSocketSettings=SocketSettings{connectTimeoutMS=10000, readTimeoutMS=10000, receiveBufferSize=0, proxySettings=ProxySettings{host=null, port=null, username=null, password=null}}, connectionPoolSettings=ConnectionPoolSettings{maxSize=100, minSize=0, maxWaitTimeMS=120000, maxConnectionLifeTimeMS=0, maxConnectionIdleTimeMS=0, maintenanceInitialDelayMS=0, maintenanceFrequencyMS=60000, connectionPoolListeners=[], maxConnecting=2}, serverSettings=ServerSettings{heartbeatFrequencyMS=10000, minHeartbeatFrequencyMS=500, serverListeners='[]', serverMonitorListeners='[]'}, sslSettings=SslSettings{enabled=false, invalidHostNameAllowed=false, context=null}, applicationName='null', compressorList=[], uuidRepresentation=JAVA_LEGACY, serverApi=null, autoEncryptionSettings=null, dnsClient=null, inetAddressResolver=null, contextProvider=null}
2024-05-08 12:09:05,716 [cluster-ClusterId{value='663b2511482ee937b3606074', description='null'}-localhost:27017] INFO  [cluster] - [USER=""] - [COUNTER=""] - [REF=""] - Monitor thread successfully connected to server with description ServerDescription{address=localhost:27017, type=STANDALONE, state=CONNECTED, ok=true, minWireVersion=0, maxWireVersion=17, maxDocumentSize=16777216, logicalSessionTimeoutMinutes=30, roundTripTimeNanos=26461800}
2024-05-08 12:09:06,275 [main] INFO  [Http11NioProtocol] - [USER=""] - [COUNTER=""] - [REF=""] - Starting ProtocolHandler ["http-nio-9091"]
2024-05-08 12:09:06,295 [main] INFO  [TomcatWebServer] - [USER=""] - [COUNTER=""] - [REF=""] - Tomcat started on port 9091 (http) with context path ''
2024-05-08 12:09:06,304 [main] INFO  [CamSenseHubApplication] - [USER=""] - [COUNTER=""] - [REF=""] - Started CamSenseHubApplication in 2.282 seconds (process running for 2.911)
2024-05-08 12:09:12,323 [http-nio-9091-exec-1] INFO  [[/]] - [USER=""] - [COUNTER=""] - [REF=""] - Initializing Spring DispatcherServlet 'dispatcherServlet'
2024-05-08 12:09:12,324 [http-nio-9091-exec-1] INFO  [DispatcherServlet] - [USER=""] - [COUNTER=""] - [REF=""] - Initializing Servlet 'dispatcherServlet'
2024-05-08 12:09:12,325 [http-nio-9091-exec-1] INFO  [DispatcherServlet] - [USER=""] - [COUNTER=""] - [REF=""] - Completed initialization in 1 ms
2024-05-08 12:12:11,696 [main] INFO  [CamSenseHubApplication] - [USER=""] - [COUNTER=""] - [REF=""] - Starting CamSenseHubApplication using Java 17.0.9 with PID 16032 (C:\Users\MutaherAffan\Downloads\cam-sense-hub\cam-sense-hub\target\classes started by MutaherAffan in C:\Users\MutaherAffan\Downloads\cam-sense-hub\cam-sense-hub)
2024-05-08 12:12:11,699 [main] INFO  [CamSenseHubApplication] - [USER=""] - [COUNTER=""] - [REF=""] - No active profile set, falling back to 1 default profile: "default"
2024-05-08 12:12:12,296 [main] INFO  [RepositoryConfigurationDelegate] - [USER=""] - [COUNTER=""] - [REF=""] - Bootstrapping Spring Data MongoDB repositories in DEFAULT mode.
2024-05-08 12:12:12,355 [main] INFO  [RepositoryConfigurationDelegate] - [USER=""] - [COUNTER=""] - [REF=""] - Finished Spring Data repository scanning in 52 ms. Found 1 MongoDB repository interface.
2024-05-08 12:12:12,694 [main] INFO  [TomcatWebServer] - [USER=""] - [COUNTER=""] - [REF=""] - Tomcat initialized with port 9091 (http)
2024-05-08 12:12:12,701 [main] INFO  [Http11NioProtocol] - [USER=""] - [COUNTER=""] - [REF=""] - Initializing ProtocolHandler ["http-nio-9091"]
2024-05-08 12:12:12,703 [main] INFO  [StandardService] - [USER=""] - [COUNTER=""] - [REF=""] - Starting service [Tomcat]
2024-05-08 12:12:12,703 [main] INFO  [StandardEngine] - [USER=""] - [COUNTER=""] - [REF=""] - Starting Servlet engine: [Apache Tomcat/10.1.20]
2024-05-08 12:12:12,749 [main] INFO  [[/]] - [USER=""] - [COUNTER=""] - [REF=""] - Initializing Spring embedded WebApplicationContext
2024-05-08 12:12:12,749 [main] INFO  [ServletWebServerApplicationContext] - [USER=""] - [COUNTER=""] - [REF=""] - Root WebApplicationContext: initialization completed in 1013 ms
2024-05-08 12:12:12,935 [main] INFO  [client] - [USER=""] - [COUNTER=""] - [REF=""] - MongoClient with metadata {"driver": {"name": "mongo-java-driver|sync|spring-boot", "version": "4.11.2"}, "os": {"type": "Windows", "name": "Windows 11", "architecture": "amd64", "version": "10.0"}, "platform": "Java/Amazon.com Inc./17.0.9+8-LTS"} created with settings MongoClientSettings{readPreference=primary, writeConcern=WriteConcern{w=null, wTimeout=null ms, journal=null}, retryWrites=true, retryReads=true, readConcern=ReadConcern{level=null}, credential=null, transportSettings=null, streamFactoryFactory=null, commandListeners=[], codecRegistry=ProvidersCodecRegistry{codecProviders=[ValueCodecProvider{}, BsonValueCodecProvider{}, DBRefCodecProvider{}, DBObjectCodecProvider{}, DocumentCodecProvider{}, CollectionCodecProvider{}, IterableCodecProvider{}, MapCodecProvider{}, GeoJsonCodecProvider{}, GridFSFileCodecProvider{}, Jsr310CodecProvider{}, JsonObjectCodecProvider{}, BsonCodecProvider{}, EnumCodecProvider{}, com.mongodb.client.model.mql.ExpressionCodecProvider@5f61371d, com.mongodb.Jep395RecordCodecProvider@420a8042, com.mongodb.KotlinCodecProvider@3292d91a]}, loggerSettings=LoggerSettings{maxDocumentLength=1000}, clusterSettings={hosts=[localhost:27017], srvServiceName=mongodb, mode=SINGLE, requiredClusterType=UNKNOWN, requiredReplicaSetName='null', serverSelector='null', clusterListeners='[]', serverSelectionTimeout='30000 ms', localThreshold='15 ms'}, socketSettings=SocketSettings{connectTimeoutMS=10000, readTimeoutMS=0, receiveBufferSize=0, proxySettings=ProxySettings{host=null, port=null, username=null, password=null}}, heartbeatSocketSettings=SocketSettings{connectTimeoutMS=10000, readTimeoutMS=10000, receiveBufferSize=0, proxySettings=ProxySettings{host=null, port=null, username=null, password=null}}, connectionPoolSettings=ConnectionPoolSettings{maxSize=100, minSize=0, maxWaitTimeMS=120000, maxConnectionLifeTimeMS=0, maxConnectionIdleTimeMS=0, maintenanceInitialDelayMS=0, maintenanceFrequencyMS=60000, connectionPoolListeners=[], maxConnecting=2}, serverSettings=ServerSettings{heartbeatFrequencyMS=10000, minHeartbeatFrequencyMS=500, serverListeners='[]', serverMonitorListeners='[]'}, sslSettings=SslSettings{enabled=false, invalidHostNameAllowed=false, context=null}, applicationName='null', compressorList=[], uuidRepresentation=JAVA_LEGACY, serverApi=null, autoEncryptionSettings=null, dnsClient=null, inetAddressResolver=null, contextProvider=null}
2024-05-08 12:12:12,952 [cluster-ClusterId{value='663b25ccdb7cba0a735e573f', description='null'}-localhost:27017] INFO  [cluster] - [USER=""] - [COUNTER=""] - [REF=""] - Monitor thread successfully connected to server with description ServerDescription{address=localhost:27017, type=STANDALONE, state=CONNECTED, ok=true, minWireVersion=0, maxWireVersion=17, maxDocumentSize=16777216, logicalSessionTimeoutMinutes=30, roundTripTimeNanos=28369300}
2024-05-08 12:12:13,494 [main] INFO  [Http11NioProtocol] - [USER=""] - [COUNTER=""] - [REF=""] - Starting ProtocolHandler ["http-nio-9091"]
2024-05-08 12:12:13,511 [main] INFO  [TomcatWebServer] - [USER=""] - [COUNTER=""] - [REF=""] - Tomcat started on port 9091 (http) with context path ''
2024-05-08 12:12:13,520 [main] INFO  [CamSenseHubApplication] - [USER=""] - [COUNTER=""] - [REF=""] - Started CamSenseHubApplication in 2.353 seconds (process running for 3.033)
2024-05-08 12:12:16,393 [http-nio-9091-exec-1] INFO  [[/]] - [USER=""] - [COUNTER=""] - [REF=""] - Initializing Spring DispatcherServlet 'dispatcherServlet'
2024-05-08 12:12:16,393 [http-nio-9091-exec-1] INFO  [DispatcherServlet] - [USER=""] - [COUNTER=""] - [REF=""] - Initializing Servlet 'dispatcherServlet'
2024-05-08 12:12:16,394 [http-nio-9091-exec-1] INFO  [DispatcherServlet] - [USER=""] - [COUNTER=""] - [REF=""] - Completed initialization in 1 ms
2024-05-08 12:12:39,176 [main] INFO  [CamSenseHubApplication] - [USER=""] - [COUNTER=""] - [REF=""] - Starting CamSenseHubApplication using Java 17.0.9 with PID 28876 (C:\Users\MutaherAffan\Downloads\cam-sense-hub\cam-sense-hub\target\classes started by MutaherAffan in C:\Users\MutaherAffan\Downloads\cam-sense-hub\cam-sense-hub)
2024-05-08 12:12:39,178 [main] INFO  [CamSenseHubApplication] - [USER=""] - [COUNTER=""] - [REF=""] - No active profile set, falling back to 1 default profile: "default"
2024-05-08 12:12:39,693 [main] INFO  [RepositoryConfigurationDelegate] - [USER=""] - [COUNTER=""] - [REF=""] - Bootstrapping Spring Data MongoDB repositories in DEFAULT mode.
2024-05-08 12:12:39,746 [main] INFO  [RepositoryConfigurationDelegate] - [USER=""] - [COUNTER=""] - [REF=""] - Finished Spring Data repository scanning in 48 ms. Found 1 MongoDB repository interface.
2024-05-08 12:12:40,113 [main] INFO  [TomcatWebServer] - [USER=""] - [COUNTER=""] - [REF=""] - Tomcat initialized with port 9091 (http)
2024-05-08 12:12:40,123 [main] INFO  [Http11NioProtocol] - [USER=""] - [COUNTER=""] - [REF=""] - Initializing ProtocolHandler ["http-nio-9091"]
2024-05-08 12:12:40,126 [main] INFO  [StandardService] - [USER=""] - [COUNTER=""] - [REF=""] - Starting service [Tomcat]
2024-05-08 12:12:40,126 [main] INFO  [StandardEngine] - [USER=""] - [COUNTER=""] - [REF=""] - Starting Servlet engine: [Apache Tomcat/10.1.20]
2024-05-08 12:12:40,183 [main] INFO  [[/]] - [USER=""] - [COUNTER=""] - [REF=""] - Initializing Spring embedded WebApplicationContext
2024-05-08 12:12:40,183 [main] INFO  [ServletWebServerApplicationContext] - [USER=""] - [COUNTER=""] - [REF=""] - Root WebApplicationContext: initialization completed in 967 ms
2024-05-08 12:12:40,390 [main] INFO  [client] - [USER=""] - [COUNTER=""] - [REF=""] - MongoClient with metadata {"driver": {"name": "mongo-java-driver|sync|spring-boot", "version": "4.11.2"}, "os": {"type": "Windows", "name": "Windows 11", "architecture": "amd64", "version": "10.0"}, "platform": "Java/Amazon.com Inc./17.0.9+8-LTS"} created with settings MongoClientSettings{readPreference=primary, writeConcern=WriteConcern{w=null, wTimeout=null ms, journal=null}, retryWrites=true, retryReads=true, readConcern=ReadConcern{level=null}, credential=null, transportSettings=null, streamFactoryFactory=null, commandListeners=[], codecRegistry=ProvidersCodecRegistry{codecProviders=[ValueCodecProvider{}, BsonValueCodecProvider{}, DBRefCodecProvider{}, DBObjectCodecProvider{}, DocumentCodecProvider{}, CollectionCodecProvider{}, IterableCodecProvider{}, MapCodecProvider{}, GeoJsonCodecProvider{}, GridFSFileCodecProvider{}, Jsr310CodecProvider{}, JsonObjectCodecProvider{}, BsonCodecProvider{}, EnumCodecProvider{}, com.mongodb.client.model.mql.ExpressionCodecProvider@7f3ca64a, com.mongodb.Jep395RecordCodecProvider@4d464510, com.mongodb.KotlinCodecProvider@64e7d698]}, loggerSettings=LoggerSettings{maxDocumentLength=1000}, clusterSettings={hosts=[localhost:27017], srvServiceName=mongodb, mode=SINGLE, requiredClusterType=UNKNOWN, requiredReplicaSetName='null', serverSelector='null', clusterListeners='[]', serverSelectionTimeout='30000 ms', localThreshold='15 ms'}, socketSettings=SocketSettings{connectTimeoutMS=10000, readTimeoutMS=0, receiveBufferSize=0, proxySettings=ProxySettings{host=null, port=null, username=null, password=null}}, heartbeatSocketSettings=SocketSettings{connectTimeoutMS=10000, readTimeoutMS=10000, receiveBufferSize=0, proxySettings=ProxySettings{host=null, port=null, username=null, password=null}}, connectionPoolSettings=ConnectionPoolSettings{maxSize=100, minSize=0, maxWaitTimeMS=120000, maxConnectionLifeTimeMS=0, maxConnectionIdleTimeMS=0, maintenanceInitialDelayMS=0, maintenanceFrequencyMS=60000, connectionPoolListeners=[], maxConnecting=2}, serverSettings=ServerSettings{heartbeatFrequencyMS=10000, minHeartbeatFrequencyMS=500, serverListeners='[]', serverMonitorListeners='[]'}, sslSettings=SslSettings{enabled=false, invalidHostNameAllowed=false, context=null}, applicationName='null', compressorList=[], uuidRepresentation=JAVA_LEGACY, serverApi=null, autoEncryptionSettings=null, dnsClient=null, inetAddressResolver=null, contextProvider=null}
2024-05-08 12:12:40,401 [cluster-ClusterId{value='663b25e8cf06f55fb1c530fb', description='null'}-localhost:27017] INFO  [cluster] - [USER=""] - [COUNTER=""] - [REF=""] - Monitor thread successfully connected to server with description ServerDescription{address=localhost:27017, type=STANDALONE, state=CONNECTED, ok=true, minWireVersion=0, maxWireVersion=17, maxDocumentSize=16777216, logicalSessionTimeoutMinutes=30, roundTripTimeNanos=19314200}
2024-05-08 12:12:40,948 [main] INFO  [Http11NioProtocol] - [USER=""] - [COUNTER=""] - [REF=""] - Starting ProtocolHandler ["http-nio-9091"]
2024-05-08 12:12:40,963 [main] INFO  [TomcatWebServer] - [USER=""] - [COUNTER=""] - [REF=""] - Tomcat started on port 9091 (http) with context path ''
2024-05-08 12:12:40,971 [main] INFO  [CamSenseHubApplication] - [USER=""] - [COUNTER=""] - [REF=""] - Started CamSenseHubApplication in 2.353 seconds (process running for 2.966)
2024-05-08 12:12:54,159 [http-nio-9091-exec-1] INFO  [[/]] - [USER=""] - [COUNTER=""] - [REF=""] - Initializing Spring DispatcherServlet 'dispatcherServlet'
2024-05-08 12:12:54,159 [http-nio-9091-exec-1] INFO  [DispatcherServlet] - [USER=""] - [COUNTER=""] - [REF=""] - Initializing Servlet 'dispatcherServlet'
2024-05-08 12:12:54,163 [http-nio-9091-exec-1] INFO  [DispatcherServlet] - [USER=""] - [COUNTER=""] - [REF=""] - Completed initialization in 4 ms
2024-05-08 12:24:13,824 [main] INFO  [CamSenseHubApplication] - [USER=""] - [COUNTER=""] - [REF=""] - Starting CamSenseHubApplication using Java 17.0.9 with PID 30712 (C:\Users\MutaherAffan\Downloads\cam-sense-hub\cam-sense-hub\target\classes started by MutaherAffan in C:\Users\MutaherAffan\Downloads\cam-sense-hub\cam-sense-hub)
2024-05-08 12:24:13,827 [main] INFO  [CamSenseHubApplication] - [USER=""] - [COUNTER=""] - [REF=""] - No active profile set, falling back to 1 default profile: "default"
2024-05-08 12:24:14,525 [main] INFO  [RepositoryConfigurationDelegate] - [USER=""] - [COUNTER=""] - [REF=""] - Bootstrapping Spring Data MongoDB repositories in DEFAULT mode.
2024-05-08 12:24:14,587 [main] INFO  [RepositoryConfigurationDelegate] - [USER=""] - [COUNTER=""] - [REF=""] - Finished Spring Data repository scanning in 55 ms. Found 1 MongoDB repository interface.
2024-05-08 12:24:15,012 [main] INFO  [TomcatWebServer] - [USER=""] - [COUNTER=""] - [REF=""] - Tomcat initialized with port 9091 (http)
2024-05-08 12:24:15,021 [main] INFO  [Http11NioProtocol] - [USER=""] - [COUNTER=""] - [REF=""] - Initializing ProtocolHandler ["http-nio-9091"]
2024-05-08 12:24:15,022 [main] INFO  [StandardService] - [USER=""] - [COUNTER=""] - [REF=""] - Starting service [Tomcat]
2024-05-08 12:24:15,022 [main] INFO  [StandardEngine] - [USER=""] - [COUNTER=""] - [REF=""] - Starting Servlet engine: [Apache Tomcat/10.1.20]
2024-05-08 12:24:15,068 [main] INFO  [[/]] - [USER=""] - [COUNTER=""] - [REF=""] - Initializing Spring embedded WebApplicationContext
2024-05-08 12:24:15,069 [main] INFO  [ServletWebServerApplicationContext] - [USER=""] - [COUNTER=""] - [REF=""] - Root WebApplicationContext: initialization completed in 1190 ms
2024-05-08 12:24:15,274 [main] INFO  [client] - [USER=""] - [COUNTER=""] - [REF=""] - MongoClient with metadata {"driver": {"name": "mongo-java-driver|sync|spring-boot", "version": "4.11.2"}, "os": {"type": "Windows", "name": "Windows 11", "architecture": "amd64", "version": "10.0"}, "platform": "Java/Amazon.com Inc./17.0.9+8-LTS"} created with settings MongoClientSettings{readPreference=primary, writeConcern=WriteConcern{w=null, wTimeout=null ms, journal=null}, retryWrites=true, retryReads=true, readConcern=ReadConcern{level=null}, credential=null, transportSettings=null, streamFactoryFactory=null, commandListeners=[], codecRegistry=ProvidersCodecRegistry{codecProviders=[ValueCodecProvider{}, BsonValueCodecProvider{}, DBRefCodecProvider{}, DBObjectCodecProvider{}, DocumentCodecProvider{}, CollectionCodecProvider{}, IterableCodecProvider{}, MapCodecProvider{}, GeoJsonCodecProvider{}, GridFSFileCodecProvider{}, Jsr310CodecProvider{}, JsonObjectCodecProvider{}, BsonCodecProvider{}, EnumCodecProvider{}, com.mongodb.client.model.mql.ExpressionCodecProvider@35650279, com.mongodb.Jep395RecordCodecProvider@79a13920, com.mongodb.KotlinCodecProvider@182e7eda]}, loggerSettings=LoggerSettings{maxDocumentLength=1000}, clusterSettings={hosts=[localhost:27017], srvServiceName=mongodb, mode=SINGLE, requiredClusterType=UNKNOWN, requiredReplicaSetName='null', serverSelector='null', clusterListeners='[]', serverSelectionTimeout='30000 ms', localThreshold='15 ms'}, socketSettings=SocketSettings{connectTimeoutMS=10000, readTimeoutMS=0, receiveBufferSize=0, proxySettings=ProxySettings{host=null, port=null, username=null, password=null}}, heartbeatSocketSettings=SocketSettings{connectTimeoutMS=10000, readTimeoutMS=10000, receiveBufferSize=0, proxySettings=ProxySettings{host=null, port=null, username=null, password=null}}, connectionPoolSettings=ConnectionPoolSettings{maxSize=100, minSize=0, maxWaitTimeMS=120000, maxConnectionLifeTimeMS=0, maxConnectionIdleTimeMS=0, maintenanceInitialDelayMS=0, maintenanceFrequencyMS=60000, connectionPoolListeners=[], maxConnecting=2}, serverSettings=ServerSettings{heartbeatFrequencyMS=10000, minHeartbeatFrequencyMS=500, serverListeners='[]', serverMonitorListeners='[]'}, sslSettings=SslSettings{enabled=false, invalidHostNameAllowed=false, context=null}, applicationName='null', compressorList=[], uuidRepresentation=JAVA_LEGACY, serverApi=null, autoEncryptionSettings=null, dnsClient=null, inetAddressResolver=null, contextProvider=null}
2024-05-08 12:24:15,292 [cluster-ClusterId{value='663b289f1037de170bd7181d', description='null'}-localhost:27017] INFO  [cluster] - [USER=""] - [COUNTER=""] - [REF=""] - Monitor thread successfully connected to server with description ServerDescription{address=localhost:27017, type=STANDALONE, state=CONNECTED, ok=true, minWireVersion=0, maxWireVersion=17, maxDocumentSize=16777216, logicalSessionTimeoutMinutes=30, roundTripTimeNanos=32161200}
2024-05-08 12:24:15,916 [main] INFO  [Http11NioProtocol] - [USER=""] - [COUNTER=""] - [REF=""] - Starting ProtocolHandler ["http-nio-9091"]
2024-05-08 12:24:15,934 [main] INFO  [TomcatWebServer] - [USER=""] - [COUNTER=""] - [REF=""] - Tomcat started on port 9091 (http) with context path ''
2024-05-08 12:24:15,943 [main] INFO  [CamSenseHubApplication] - [USER=""] - [COUNTER=""] - [REF=""] - Started CamSenseHubApplication in 2.773 seconds (process running for 4.073)
2024-05-08 12:24:20,458 [http-nio-9091-exec-1] INFO  [[/]] - [USER=""] - [COUNTER=""] - [REF=""] - Initializing Spring DispatcherServlet 'dispatcherServlet'
2024-05-08 12:24:20,458 [http-nio-9091-exec-1] INFO  [DispatcherServlet] - [USER=""] - [COUNTER=""] - [REF=""] - Initializing Servlet 'dispatcherServlet'
2024-05-08 12:24:20,459 [http-nio-9091-exec-1] INFO  [DispatcherServlet] - [USER=""] - [COUNTER=""] - [REF=""] - Completed initialization in 0 ms
2024-05-08 12:25:21,922 [http-nio-9091-exec-9] INFO  [DetectorCameraServiceImpl] - [USER=""] - [COUNTER=""] - [REF=""] - IN - getCameraDetailsByLocationAndStampDateBetween - Date: Wed May 08 12:25:21 PKT 2024
2024-05-08 12:25:21,930 [http-nio-9091-exec-9] INFO  [DetectorCameraServiceImpl] - [USER=""] - [COUNTER=""] - [REF=""] - Request Params: location=Parking Lot C,startDate=2021-05-07 12:00:00,endDate=2025-05-07 12:00:00
2024-05-08 12:25:21,933 [http-nio-9091-exec-9] INFO  [DetectorCameraServiceImpl] - [USER=""] - [COUNTER=""] - [REF=""] - fetching cameraDetails against location: Parking Lot C start
2024-05-08 12:25:22,010 [http-nio-9091-exec-9] DEBUG [MongoTemplate] - [USER=""] - [COUNTER=""] - [REF=""] - find using query: { "location" : "Parking Lot C", "stampDate" : { "$gt" : { "$date" : "2021-05-07T07:00:00Z"}, "$lt" : { "$date" : "2025-05-07T07:00:00Z"}}} fields: Document{{}} sort: { "location" : "Parking Lot C", "stampDate" : { "$gt" : { "$date" : "2021-05-07T07:00:00Z"}, "$lt" : { "$date" : "2025-05-07T07:00:00Z"}}} for class: class com.camsensehub.entity.Camera in collection: Camera
2024-05-08 12:25:22,275 [http-nio-9091-exec-9] INFO  [DetectorCameraServiceImpl] - [USER=""] - [COUNTER=""] - [REF=""] - fetching cameraDetails from DB end
2024-05-08 12:25:22,278 [http-nio-9091-exec-9] INFO  [DetectorCameraServiceImpl] - [USER=""] - [COUNTER=""] - [REF=""] - SUCCESS -> ResponseCode: 00, ResponseDesc:Processed OK
2024-05-08 12:25:22,278 [http-nio-9091-exec-9] INFO  [DetectorCameraServiceImpl] - [USER=""] - [COUNTER=""] - [REF=""] - OUT - getCameraDetailsByLocationAndStampDateBetween - Date: Wed May 08 12:25:22 PKT 2024
2024-05-08 12:25:26,963 [http-nio-9091-exec-10] INFO  [DetectorCameraServiceImpl] - [USER=""] - [COUNTER=""] - [REF=""] - IN - getAllCameraDetails - Date: Wed May 08 12:25:26 PKT 2024
2024-05-08 12:25:26,963 [http-nio-9091-exec-10] INFO  [DetectorCameraServiceImpl] - [USER=""] - [COUNTER=""] - [REF=""] - fetching cameraDetails from DB start
2024-05-08 12:25:26,976 [http-nio-9091-exec-10] DEBUG [MongoTemplate] - [USER=""] - [COUNTER=""] - [REF=""] - find using query: {} fields: Document{{}} sort: null for class: class com.camsensehub.entity.Camera in collection: Camera
2024-05-08 12:25:26,987 [http-nio-9091-exec-10] INFO  [DetectorCameraServiceImpl] - [USER=""] - [COUNTER=""] - [REF=""] - fetching cameraDetails from DB end
2024-05-08 12:25:26,988 [http-nio-9091-exec-10] INFO  [DetectorCameraServiceImpl] - [USER=""] - [COUNTER=""] - [REF=""] - SUCCESS -> ResponseCode: 00, ResponseDesc:Processed OK
2024-05-08 12:25:26,988 [http-nio-9091-exec-10] INFO  [DetectorCameraServiceImpl] - [USER=""] - [COUNTER=""] - [REF=""] - OUT - getAllCameraDetails - Date: Wed May 08 12:25:26 PKT 2024
2024-05-08 12:25:31,206 [http-nio-9091-exec-1] INFO  [DetectorCameraServiceImpl] - [USER=""] - [COUNTER=""] - [REF=""] - IN - findCameraByOwner - Date: Wed May 08 12:25:31 PKT 2024
2024-05-08 12:25:31,207 [http-nio-9091-exec-1] INFO  [DetectorCameraServiceImpl] - [USER=""] - [COUNTER=""] - [REF=""] - fetching cameraDetails from DB start
2024-05-08 12:25:31,209 [http-nio-9091-exec-1] DEBUG [MongoTemplate] - [USER=""] - [COUNTER=""] - [REF=""] - find using query: { "owner" : "Security Department"} fields: Document{{}} sort: { "owner" : "Security Department"} for class: class com.camsensehub.entity.Camera in collection: Camera
2024-05-08 12:25:31,218 [http-nio-9091-exec-1] INFO  [DetectorCameraServiceImpl] - [USER=""] - [COUNTER=""] - [REF=""] - fetching cameraDetails from DB end
2024-05-08 12:25:31,219 [http-nio-9091-exec-1] INFO  [DetectorCameraServiceImpl] - [USER=""] - [COUNTER=""] - [REF=""] - SUCCESS -> ResponseCode: 00, ResponseDesc:Processed OK
2024-05-08 12:25:31,219 [http-nio-9091-exec-1] INFO  [DetectorCameraServiceImpl] - [USER=""] - [COUNTER=""] - [REF=""] - OUT - findCameraByOwner - Date: Wed May 08 12:25:31 PKT 2024
2024-05-08 12:25:35,181 [http-nio-9091-exec-2] INFO  [DetectorCameraServiceImpl] - [USER=""] - [COUNTER=""] - [REF=""] - IN - findFireDetectorCameraDetails - Date: Wed May 08 12:25:35 PKT 2024
2024-05-08 12:25:35,181 [http-nio-9091-exec-2] INFO  [DetectorCameraServiceImpl] - [USER=""] - [COUNTER=""] - [REF=""] - fetching cameraDetails from DB start
2024-05-08 12:25:35,186 [http-nio-9091-exec-2] DEBUG [MongoTemplate] - [USER=""] - [COUNTER=""] - [REF=""] - find using query: { "fireDetection" : true} fields: Document{{}} sort: { "fireDetection" : true} for class: class com.camsensehub.entity.Camera in collection: Camera
2024-05-08 12:25:35,193 [http-nio-9091-exec-2] INFO  [DetectorCameraServiceImpl] - [USER=""] - [COUNTER=""] - [REF=""] - fetching cameraDetails from DB end
2024-05-08 12:25:35,193 [http-nio-9091-exec-2] INFO  [DetectorCameraServiceImpl] - [USER=""] - [COUNTER=""] - [REF=""] - SUCCESS -> ResponseCode: 00, ResponseDesc:Processed OK
2024-05-08 12:25:35,193 [http-nio-9091-exec-2] INFO  [DetectorCameraServiceImpl] - [USER=""] - [COUNTER=""] - [REF=""] - OUT - findFireDetectorCameraDetails - Date: Wed May 08 12:25:35 PKT 2024
2024-05-08 12:26:15,072 [main] INFO  [CamSenseHubApplication] - [USER=""] - [COUNTER=""] - [REF=""] - Starting CamSenseHubApplication using Java 17.0.9 with PID 14812 (C:\Users\MutaherAffan\Downloads\cam-sense-hub\cam-sense-hub\target\classes started by MutaherAffan in C:\Users\MutaherAffan\Downloads\cam-sense-hub\cam-sense-hub)
2024-05-08 12:26:15,075 [main] INFO  [CamSenseHubApplication] - [USER=""] - [COUNTER=""] - [REF=""] - No active profile set, falling back to 1 default profile: "default"
2024-05-08 12:26:15,647 [main] INFO  [RepositoryConfigurationDelegate] - [USER=""] - [COUNTER=""] - [REF=""] - Bootstrapping Spring Data MongoDB repositories in DEFAULT mode.
2024-05-08 12:26:15,693 [main] INFO  [RepositoryConfigurationDelegate] - [USER=""] - [COUNTER=""] - [REF=""] - Finished Spring Data repository scanning in 42 ms. Found 1 MongoDB repository interface.
2024-05-08 12:26:16,062 [main] INFO  [TomcatWebServer] - [USER=""] - [COUNTER=""] - [REF=""] - Tomcat initialized with port 9091 (http)
2024-05-08 12:26:16,070 [main] INFO  [Http11NioProtocol] - [USER=""] - [COUNTER=""] - [REF=""] - Initializing ProtocolHandler ["http-nio-9091"]
2024-05-08 12:26:16,072 [main] INFO  [StandardService] - [USER=""] - [COUNTER=""] - [REF=""] - Starting service [Tomcat]
2024-05-08 12:26:16,072 [main] INFO  [StandardEngine] - [USER=""] - [COUNTER=""] - [REF=""] - Starting Servlet engine: [Apache Tomcat/10.1.20]
2024-05-08 12:26:16,115 [main] INFO  [[/]] - [USER=""] - [COUNTER=""] - [REF=""] - Initializing Spring embedded WebApplicationContext
2024-05-08 12:26:16,115 [main] INFO  [ServletWebServerApplicationContext] - [USER=""] - [COUNTER=""] - [REF=""] - Root WebApplicationContext: initialization completed in 1000 ms
2024-05-08 12:26:16,311 [main] INFO  [client] - [USER=""] - [COUNTER=""] - [REF=""] - MongoClient with metadata {"driver": {"name": "mongo-java-driver|sync|spring-boot", "version": "4.11.2"}, "os": {"type": "Windows", "name": "Windows 11", "architecture": "amd64", "version": "10.0"}, "platform": "Java/Amazon.com Inc./17.0.9+8-LTS"} created with settings MongoClientSettings{readPreference=primary, writeConcern=WriteConcern{w=null, wTimeout=null ms, journal=null}, retryWrites=true, retryReads=true, readConcern=ReadConcern{level=null}, credential=null, transportSettings=null, streamFactoryFactory=null, commandListeners=[], codecRegistry=ProvidersCodecRegistry{codecProviders=[ValueCodecProvider{}, BsonValueCodecProvider{}, DBRefCodecProvider{}, DBObjectCodecProvider{}, DocumentCodecProvider{}, CollectionCodecProvider{}, IterableCodecProvider{}, MapCodecProvider{}, GeoJsonCodecProvider{}, GridFSFileCodecProvider{}, Jsr310CodecProvider{}, JsonObjectCodecProvider{}, BsonCodecProvider{}, EnumCodecProvider{}, com.mongodb.client.model.mql.ExpressionCodecProvider@420a8042, com.mongodb.Jep395RecordCodecProvider@3292d91a, com.mongodb.KotlinCodecProvider@5921b93c]}, loggerSettings=LoggerSettings{maxDocumentLength=1000}, clusterSettings={hosts=[localhost:27017], srvServiceName=mongodb, mode=SINGLE, requiredClusterType=UNKNOWN, requiredReplicaSetName='null', serverSelector='null', clusterListeners='[]', serverSelectionTimeout='30000 ms', localThreshold='15 ms'}, socketSettings=SocketSettings{connectTimeoutMS=10000, readTimeoutMS=0, receiveBufferSize=0, proxySettings=ProxySettings{host=null, port=null, username=null, password=null}}, heartbeatSocketSettings=SocketSettings{connectTimeoutMS=10000, readTimeoutMS=10000, receiveBufferSize=0, proxySettings=ProxySettings{host=null, port=null, username=null, password=null}}, connectionPoolSettings=ConnectionPoolSettings{maxSize=100, minSize=0, maxWaitTimeMS=120000, maxConnectionLifeTimeMS=0, maxConnectionIdleTimeMS=0, maintenanceInitialDelayMS=0, maintenanceFrequencyMS=60000, connectionPoolListeners=[], maxConnecting=2}, serverSettings=ServerSettings{heartbeatFrequencyMS=10000, minHeartbeatFrequencyMS=500, serverListeners='[]', serverMonitorListeners='[]'}, sslSettings=SslSettings{enabled=false, invalidHostNameAllowed=false, context=null}, applicationName='null', compressorList=[], uuidRepresentation=JAVA_LEGACY, serverApi=null, autoEncryptionSettings=null, dnsClient=null, inetAddressResolver=null, contextProvider=null}
2024-05-08 12:26:16,323 [cluster-ClusterId{value='663b2918acd60d2b3fffc0aa', description='null'}-localhost:27017] INFO  [cluster] - [USER=""] - [COUNTER=""] - [REF=""] - Monitor thread successfully connected to server with description ServerDescription{address=localhost:27017, type=STANDALONE, state=CONNECTED, ok=true, minWireVersion=0, maxWireVersion=17, maxDocumentSize=16777216, logicalSessionTimeoutMinutes=30, roundTripTimeNanos=27291800}
2024-05-08 12:26:16,887 [main] INFO  [Http11NioProtocol] - [USER=""] - [COUNTER=""] - [REF=""] - Starting ProtocolHandler ["http-nio-9091"]
2024-05-08 12:26:16,905 [main] INFO  [TomcatWebServer] - [USER=""] - [COUNTER=""] - [REF=""] - Tomcat started on port 9091 (http) with context path ''
2024-05-08 12:26:16,912 [main] INFO  [CamSenseHubApplication] - [USER=""] - [COUNTER=""] - [REF=""] - Started CamSenseHubApplication in 2.417 seconds (process running for 3.163)
2024-05-08 12:26:23,059 [http-nio-9091-exec-3] INFO  [[/]] - [USER=""] - [COUNTER=""] - [REF=""] - Initializing Spring DispatcherServlet 'dispatcherServlet'
2024-05-08 12:26:23,059 [http-nio-9091-exec-3] INFO  [DispatcherServlet] - [USER=""] - [COUNTER=""] - [REF=""] - Initializing Servlet 'dispatcherServlet'
2024-05-08 12:26:23,061 [http-nio-9091-exec-3] INFO  [DispatcherServlet] - [USER=""] - [COUNTER=""] - [REF=""] - Completed initialization in 2 ms
2024-05-08 12:26:23,122 [http-nio-9091-exec-3] INFO  [WebSocketHandler] - [USER=""] - [COUNTER=""] - [REF=""] - Connection established on session: e0a2b8e1-9328-c690-ee22-96b6ac34a421
2024-05-08 12:27:01,877 [http-nio-9091-exec-1] INFO  [WebSocketHandler] - [USER=""] - [COUNTER=""] - [REF=""] - Connection closed on session: e0a2b8e1-9328-c690-ee22-96b6ac34a421 with status: 1000
2024-05-08 12:27:14,086 [http-nio-9091-exec-2] INFO  [WebSocketHandler] - [USER=""] - [COUNTER=""] - [REF=""] - Connection established on session: 2e12206e-62e7-1879-e0fe-eb50f48419fd
2024-05-08 12:41:27,517 [http-nio-9091-exec-7] INFO  [WebSocketHandler] - [USER=""] - [COUNTER=""] - [REF=""] - Message: Hello to the world
2024-05-08 12:45:14,646 [SpringApplicationShutdownHook] INFO  [WebSocketHandler] - [USER=""] - [COUNTER=""] - [REF=""] - Exception occured: java.nio.channels.ClosedChannelException on session: 2e12206e-62e7-1879-e0fe-eb50f48419fd
2024-05-08 12:45:14,646 [SpringApplicationShutdownHook] INFO  [WebSocketHandler] - [USER=""] - [COUNTER=""] - [REF=""] - Connection closed on session: 2e12206e-62e7-1879-e0fe-eb50f48419fd with status: 1001
2024-05-08 12:45:19,612 [main] INFO  [CamSenseHubApplication] - [USER=""] - [COUNTER=""] - [REF=""] - Starting CamSenseHubApplication using Java 17.0.9 with PID 27908 (C:\Users\MutaherAffan\Downloads\cam-sense-hub\cam-sense-hub\target\classes started by MutaherAffan in C:\Users\MutaherAffan\Downloads\cam-sense-hub\cam-sense-hub)
2024-05-08 12:45:19,614 [main] INFO  [CamSenseHubApplication] - [USER=""] - [COUNTER=""] - [REF=""] - No active profile set, falling back to 1 default profile: "default"
2024-05-08 12:45:20,163 [main] INFO  [RepositoryConfigurationDelegate] - [USER=""] - [COUNTER=""] - [REF=""] - Bootstrapping Spring Data MongoDB repositories in DEFAULT mode.
2024-05-08 12:45:20,205 [main] INFO  [RepositoryConfigurationDelegate] - [USER=""] - [COUNTER=""] - [REF=""] - Finished Spring Data repository scanning in 37 ms. Found 1 MongoDB repository interface.
2024-05-08 12:45:20,555 [main] INFO  [TomcatWebServer] - [USER=""] - [COUNTER=""] - [REF=""] - Tomcat initialized with port 9091 (http)
2024-05-08 12:45:20,564 [main] INFO  [Http11NioProtocol] - [USER=""] - [COUNTER=""] - [REF=""] - Initializing ProtocolHandler ["http-nio-9091"]
2024-05-08 12:45:20,566 [main] INFO  [StandardService] - [USER=""] - [COUNTER=""] - [REF=""] - Starting service [Tomcat]
2024-05-08 12:45:20,566 [main] INFO  [StandardEngine] - [USER=""] - [COUNTER=""] - [REF=""] - Starting Servlet engine: [Apache Tomcat/10.1.20]
2024-05-08 12:45:20,616 [main] INFO  [[/]] - [USER=""] - [COUNTER=""] - [REF=""] - Initializing Spring embedded WebApplicationContext
2024-05-08 12:45:20,616 [main] INFO  [ServletWebServerApplicationContext] - [USER=""] - [COUNTER=""] - [REF=""] - Root WebApplicationContext: initialization completed in 966 ms
2024-05-08 12:45:20,822 [main] INFO  [client] - [USER=""] - [COUNTER=""] - [REF=""] - MongoClient with metadata {"driver": {"name": "mongo-java-driver|sync|spring-boot", "version": "4.11.2"}, "os": {"type": "Windows", "name": "Windows 11", "architecture": "amd64", "version": "10.0"}, "platform": "Java/Amazon.com Inc./17.0.9+8-LTS"} created with settings MongoClientSettings{readPreference=primary, writeConcern=WriteConcern{w=null, wTimeout=null ms, journal=null}, retryWrites=true, retryReads=true, readConcern=ReadConcern{level=null}, credential=null, transportSettings=null, streamFactoryFactory=null, commandListeners=[], codecRegistry=ProvidersCodecRegistry{codecProviders=[ValueCodecProvider{}, BsonValueCodecProvider{}, DBRefCodecProvider{}, DBObjectCodecProvider{}, DocumentCodecProvider{}, CollectionCodecProvider{}, IterableCodecProvider{}, MapCodecProvider{}, GeoJsonCodecProvider{}, GridFSFileCodecProvider{}, Jsr310CodecProvider{}, JsonObjectCodecProvider{}, BsonCodecProvider{}, EnumCodecProvider{}, com.mongodb.client.model.mql.ExpressionCodecProvider@3a7c678b, com.mongodb.Jep395RecordCodecProvider@28babeca, com.mongodb.KotlinCodecProvider@1ad9b8d3]}, loggerSettings=LoggerSettings{maxDocumentLength=1000}, clusterSettings={hosts=[localhost:27017], srvServiceName=mongodb, mode=SINGLE, requiredClusterType=UNKNOWN, requiredReplicaSetName='null', serverSelector='null', clusterListeners='[]', serverSelectionTimeout='30000 ms', localThreshold='15 ms'}, socketSettings=SocketSettings{connectTimeoutMS=10000, readTimeoutMS=0, receiveBufferSize=0, proxySettings=ProxySettings{host=null, port=null, username=null, password=null}}, heartbeatSocketSettings=SocketSettings{connectTimeoutMS=10000, readTimeoutMS=10000, receiveBufferSize=0, proxySettings=ProxySettings{host=null, port=null, username=null, password=null}}, connectionPoolSettings=ConnectionPoolSettings{maxSize=100, minSize=0, maxWaitTimeMS=120000, maxConnectionLifeTimeMS=0, maxConnectionIdleTimeMS=0, maintenanceInitialDelayMS=0, maintenanceFrequencyMS=60000, connectionPoolListeners=[], maxConnecting=2}, serverSettings=ServerSettings{heartbeatFrequencyMS=10000, minHeartbeatFrequencyMS=500, serverListeners='[]', serverMonitorListeners='[]'}, sslSettings=SslSettings{enabled=false, invalidHostNameAllowed=false, context=null}, applicationName='null', compressorList=[], uuidRepresentation=JAVA_LEGACY, serverApi=null, autoEncryptionSettings=null, dnsClient=null, inetAddressResolver=null, contextProvider=null}
2024-05-08 12:45:20,832 [cluster-ClusterId{value='663b2d9033ce39696e25c54d', description='null'}-localhost:27017] INFO  [cluster] - [USER=""] - [COUNTER=""] - [REF=""] - Monitor thread successfully connected to server with description ServerDescription{address=localhost:27017, type=STANDALONE, state=CONNECTED, ok=true, minWireVersion=0, maxWireVersion=17, maxDocumentSize=16777216, logicalSessionTimeoutMinutes=30, roundTripTimeNanos=27142400}
2024-05-08 12:45:21,421 [main] INFO  [Http11NioProtocol] - [USER=""] - [COUNTER=""] - [REF=""] - Starting ProtocolHandler ["http-nio-9091"]
2024-05-08 12:45:21,439 [main] INFO  [TomcatWebServer] - [USER=""] - [COUNTER=""] - [REF=""] - Tomcat started on port 9091 (http) with context path ''
2024-05-08 12:45:21,447 [main] INFO  [CamSenseHubApplication] - [USER=""] - [COUNTER=""] - [REF=""] - Started CamSenseHubApplication in 2.374 seconds (process running for 3.043)
2024-05-08 12:45:35,223 [http-nio-9091-exec-1] INFO  [[/]] - [USER=""] - [COUNTER=""] - [REF=""] - Initializing Spring DispatcherServlet 'dispatcherServlet'
2024-05-08 12:45:35,223 [http-nio-9091-exec-1] INFO  [DispatcherServlet] - [USER=""] - [COUNTER=""] - [REF=""] - Initializing Servlet 'dispatcherServlet'
2024-05-08 12:45:35,224 [http-nio-9091-exec-1] INFO  [DispatcherServlet] - [USER=""] - [COUNTER=""] - [REF=""] - Completed initialization in 1 ms
2024-05-08 12:45:35,274 [http-nio-9091-exec-1] INFO  [WebSocketHandler] - [USER=""] - [COUNTER=""] - [REF=""] - Connection established on session: 743d823f-19ec-64df-f215-8341b1ead732
2024-05-08 12:45:44,103 [http-nio-9091-exec-2] INFO  [WebSocketHandler] - [USER=""] - [COUNTER=""] - [REF=""] - Message: Hello to the world
2024-05-08 12:46:52,230 [cluster-ClusterId{value='663b2d9033ce39696e25c54d', description='null'}-localhost:27017] INFO  [cluster] - [USER=""] - [COUNTER=""] - [REF=""] - Exception in monitor thread while connecting to server localhost:27017
com.mongodb.MongoSocketReadTimeoutException: Timeout while receiving message
	at com.mongodb.internal.connection.InternalStreamConnection.translateReadException(InternalStreamConnection.java:728)
	at com.mongodb.internal.connection.InternalStreamConnection.receiveMessageWithAdditionalTimeout(InternalStreamConnection.java:606)
	at com.mongodb.internal.connection.InternalStreamConnection.receiveCommandMessageResponse(InternalStreamConnection.java:451)
	at com.mongodb.internal.connection.InternalStreamConnection.receive(InternalStreamConnection.java:404)
	at com.mongodb.internal.connection.DefaultServerMonitor$ServerMonitorRunnable.lookupServerDescription(DefaultServerMonitor.java:221)
	at com.mongodb.internal.connection.DefaultServerMonitor$ServerMonitorRunnable.run(DefaultServerMonitor.java:153)
	at java.base/java.lang.Thread.run(Thread.java:840)
Caused by: java.net.SocketTimeoutException: Read timed out
	at java.base/sun.nio.ch.NioSocketImpl.timedRead(NioSocketImpl.java:288)
	at java.base/sun.nio.ch.NioSocketImpl.implRead(NioSocketImpl.java:314)
	at java.base/sun.nio.ch.NioSocketImpl.read(NioSocketImpl.java:355)
	at java.base/sun.nio.ch.NioSocketImpl$1.read(NioSocketImpl.java:808)
	at java.base/java.net.Socket$SocketInputStream.read(Socket.java:966)
	at com.mongodb.internal.connection.SocketStream.read(SocketStream.java:175)
	at com.mongodb.internal.connection.SocketStream.read(SocketStream.java:200)
	at com.mongodb.internal.connection.InternalStreamConnection.receiveResponseBuffers(InternalStreamConnection.java:739)
	at com.mongodb.internal.connection.InternalStreamConnection.receiveMessageWithAdditionalTimeout(InternalStreamConnection.java:603)
	... 5 common frames omitted
2024-05-08 12:46:52,395 [cluster-ClusterId{value='663b2d9033ce39696e25c54d', description='null'}-localhost:27017] INFO  [cluster] - [USER=""] - [COUNTER=""] - [REF=""] - Monitor thread successfully connected to server with description ServerDescription{address=localhost:27017, type=STANDALONE, state=CONNECTED, ok=true, minWireVersion=0, maxWireVersion=17, maxDocumentSize=16777216, logicalSessionTimeoutMinutes=30, roundTripTimeNanos=152437700}
2024-05-08 12:48:06,108 [http-nio-9091-exec-6] INFO  [WebSocketHandler] - [USER=""] - [COUNTER=""] - [REF=""] - Message: Hello to the world
2024-05-08 13:19:12,962 [http-nio-9091-exec-4] INFO  [WebSocketHandler] - [USER=""] - [COUNTER=""] - [REF=""] - Connection closed on session: 743d823f-19ec-64df-f215-8341b1ead732 with status: 1000
2024-05-08 13:19:15,501 [http-nio-9091-exec-7] INFO  [WebSocketHandler] - [USER=""] - [COUNTER=""] - [REF=""] - Connection established on session: 9898562a-13d5-2d34-8cfd-a66ed3f9784b
2024-05-08 13:19:17,206 [http-nio-9091-exec-3] INFO  [WebSocketHandler] - [USER=""] - [COUNTER=""] - [REF=""] - Connection closed on session: 9898562a-13d5-2d34-8cfd-a66ed3f9784b with status: 1000
2024-05-08 13:19:25,215 [main] INFO  [CamSenseHubApplication] - [USER=""] - [COUNTER=""] - [REF=""] - Starting CamSenseHubApplication using Java 17.0.9 with PID 27804 (C:\Users\MutaherAffan\Downloads\cam-sense-hub\cam-sense-hub\target\classes started by MutaherAffan in C:\Users\MutaherAffan\Downloads\cam-sense-hub\cam-sense-hub)
2024-05-08 13:19:25,217 [main] INFO  [CamSenseHubApplication] - [USER=""] - [COUNTER=""] - [REF=""] - No active profile set, falling back to 1 default profile: "default"
2024-05-08 13:19:25,803 [main] INFO  [RepositoryConfigurationDelegate] - [USER=""] - [COUNTER=""] - [REF=""] - Bootstrapping Spring Data MongoDB repositories in DEFAULT mode.
2024-05-08 13:19:25,853 [main] INFO  [RepositoryConfigurationDelegate] - [USER=""] - [COUNTER=""] - [REF=""] - Finished Spring Data repository scanning in 46 ms. Found 1 MongoDB repository interface.
2024-05-08 13:19:26,224 [main] INFO  [TomcatWebServer] - [USER=""] - [COUNTER=""] - [REF=""] - Tomcat initialized with port 9091 (http)
2024-05-08 13:19:26,235 [main] INFO  [Http11NioProtocol] - [USER=""] - [COUNTER=""] - [REF=""] - Initializing ProtocolHandler ["http-nio-9091"]
2024-05-08 13:19:26,236 [main] INFO  [StandardService] - [USER=""] - [COUNTER=""] - [REF=""] - Starting service [Tomcat]
2024-05-08 13:19:26,236 [main] INFO  [StandardEngine] - [USER=""] - [COUNTER=""] - [REF=""] - Starting Servlet engine: [Apache Tomcat/10.1.20]
2024-05-08 13:19:26,287 [main] INFO  [[/]] - [USER=""] - [COUNTER=""] - [REF=""] - Initializing Spring embedded WebApplicationContext
2024-05-08 13:19:26,287 [main] INFO  [ServletWebServerApplicationContext] - [USER=""] - [COUNTER=""] - [REF=""] - Root WebApplicationContext: initialization completed in 1036 ms
2024-05-08 13:19:26,461 [main] INFO  [client] - [USER=""] - [COUNTER=""] - [REF=""] - MongoClient with metadata {"driver": {"name": "mongo-java-driver|sync|spring-boot", "version": "4.11.2"}, "os": {"type": "Windows", "name": "Windows 11", "architecture": "amd64", "version": "10.0"}, "platform": "Java/Amazon.com Inc./17.0.9+8-LTS"} created with settings MongoClientSettings{readPreference=primary, writeConcern=WriteConcern{w=null, wTimeout=null ms, journal=null}, retryWrites=true, retryReads=true, readConcern=ReadConcern{level=null}, credential=null, transportSettings=null, streamFactoryFactory=null, commandListeners=[], codecRegistry=ProvidersCodecRegistry{codecProviders=[ValueCodecProvider{}, BsonValueCodecProvider{}, DBRefCodecProvider{}, DBObjectCodecProvider{}, DocumentCodecProvider{}, CollectionCodecProvider{}, IterableCodecProvider{}, MapCodecProvider{}, GeoJsonCodecProvider{}, GridFSFileCodecProvider{}, Jsr310CodecProvider{}, JsonObjectCodecProvider{}, BsonCodecProvider{}, EnumCodecProvider{}, com.mongodb.client.model.mql.ExpressionCodecProvider@7da635c0, com.mongodb.Jep395RecordCodecProvider@2ed9f6f8, com.mongodb.KotlinCodecProvider@251c4280]}, loggerSettings=LoggerSettings{maxDocumentLength=1000}, clusterSettings={hosts=[localhost:27017], srvServiceName=mongodb, mode=SINGLE, requiredClusterType=UNKNOWN, requiredReplicaSetName='null', serverSelector='null', clusterListeners='[]', serverSelectionTimeout='30000 ms', localThreshold='15 ms'}, socketSettings=SocketSettings{connectTimeoutMS=10000, readTimeoutMS=0, receiveBufferSize=0, proxySettings=ProxySettings{host=null, port=null, username=null, password=null}}, heartbeatSocketSettings=SocketSettings{connectTimeoutMS=10000, readTimeoutMS=10000, receiveBufferSize=0, proxySettings=ProxySettings{host=null, port=null, username=null, password=null}}, connectionPoolSettings=ConnectionPoolSettings{maxSize=100, minSize=0, maxWaitTimeMS=120000, maxConnectionLifeTimeMS=0, maxConnectionIdleTimeMS=0, maintenanceInitialDelayMS=0, maintenanceFrequencyMS=60000, connectionPoolListeners=[], maxConnecting=2}, serverSettings=ServerSettings{heartbeatFrequencyMS=10000, minHeartbeatFrequencyMS=500, serverListeners='[]', serverMonitorListeners='[]'}, sslSettings=SslSettings{enabled=false, invalidHostNameAllowed=false, context=null}, applicationName='null', compressorList=[], uuidRepresentation=JAVA_LEGACY, serverApi=null, autoEncryptionSettings=null, dnsClient=null, inetAddressResolver=null, contextProvider=null}
2024-05-08 13:19:26,475 [cluster-ClusterId{value='663b358ed788425122430aae', description='null'}-localhost:27017] INFO  [cluster] - [USER=""] - [COUNTER=""] - [REF=""] - Monitor thread successfully connected to server with description ServerDescription{address=localhost:27017, type=STANDALONE, state=CONNECTED, ok=true, minWireVersion=0, maxWireVersion=17, maxDocumentSize=16777216, logicalSessionTimeoutMinutes=30, roundTripTimeNanos=27028400}
2024-05-08 13:19:27,060 [main] INFO  [Http11NioProtocol] - [USER=""] - [COUNTER=""] - [REF=""] - Starting ProtocolHandler ["http-nio-9091"]
2024-05-08 13:19:27,082 [main] INFO  [TomcatWebServer] - [USER=""] - [COUNTER=""] - [REF=""] - Tomcat started on port 9091 (http) with context path ''
2024-05-08 13:19:27,091 [main] INFO  [CamSenseHubApplication] - [USER=""] - [COUNTER=""] - [REF=""] - Started CamSenseHubApplication in 2.392 seconds (process running for 3.184)
2024-05-08 13:19:32,892 [http-nio-9091-exec-1] INFO  [[/]] - [USER=""] - [COUNTER=""] - [REF=""] - Initializing Spring DispatcherServlet 'dispatcherServlet'
2024-05-08 13:19:32,892 [http-nio-9091-exec-1] INFO  [DispatcherServlet] - [USER=""] - [COUNTER=""] - [REF=""] - Initializing Servlet 'dispatcherServlet'
2024-05-08 13:19:32,893 [http-nio-9091-exec-1] INFO  [DispatcherServlet] - [USER=""] - [COUNTER=""] - [REF=""] - Completed initialization in 1 ms
2024-05-08 13:19:32,939 [http-nio-9091-exec-1] INFO  [MessageHandler] - [USER=""] - [COUNTER=""] - [REF=""] - Connection established on session: 4f460473-8594-b7d3-40be-275253b2baf7
2024-05-08 13:19:35,155 [http-nio-9091-exec-3] INFO  [MessageHandler] - [USER=""] - [COUNTER=""] - [REF=""] - Message: Hello to the world
2024-05-08 13:19:35,176 [http-nio-9091-exec-3] ERROR [ExceptionWebSocketHandlerDecorator] - [USER=""] - [COUNTER=""] - [REF=""] - Closing session due to exception for StandardWebSocketSession[id=4f460473-8594-b7d3-40be-275253b2baf7, uri=ws://localhost:9091/register]
com.fasterxml.jackson.core.JsonParseException: Unrecognized token 'Hello': was expecting (JSON String, Number, Array, Object or token 'null', 'true' or 'false')
 at [Source: (String)"Hello to the world"; line: 1, column: 6]
	at com.fasterxml.jackson.core.JsonParser._constructError(JsonParser.java:2477)
	at com.fasterxml.jackson.core.base.ParserMinimalBase._reportError(ParserMinimalBase.java:760)
	at com.fasterxml.jackson.core.json.ReaderBasedJsonParser._reportInvalidToken(ReaderBasedJsonParser.java:3041)
	at com.fasterxml.jackson.core.json.ReaderBasedJsonParser._handleOddValue(ReaderBasedJsonParser.java:2082)
	at com.fasterxml.jackson.core.json.ReaderBasedJsonParser.nextToken(ReaderBasedJsonParser.java:808)
	at com.fasterxml.jackson.databind.ObjectMapper._initForReading(ObjectMapper.java:4912)
	at com.fasterxml.jackson.databind.ObjectMapper._readMapAndClose(ObjectMapper.java:4818)
	at com.fasterxml.jackson.databind.ObjectMapper.readValue(ObjectMapper.java:3772)
	at com.fasterxml.jackson.databind.ObjectMapper.readValue(ObjectMapper.java:3740)
	at com.camsensehub.handler.MessageHandler.handleMessage(MessageHandler.java:26)
	at org.springframework.web.socket.handler.WebSocketHandlerDecorator.handleMessage(WebSocketHandlerDecorator.java:75)
	at org.springframework.web.socket.handler.LoggingWebSocketHandlerDecorator.handleMessage(LoggingWebSocketHandlerDecorator.java:56)
	at org.springframework.web.socket.handler.ExceptionWebSocketHandlerDecorator.handleMessage(ExceptionWebSocketHandlerDecorator.java:58)
	at org.springframework.web.socket.adapter.standard.StandardWebSocketHandlerAdapter.handleTextMessage(StandardWebSocketHandlerAdapter.java:113)
	at org.springframework.web.socket.adapter.standard.StandardWebSocketHandlerAdapter$3.onMessage(StandardWebSocketHandlerAdapter.java:84)
	at org.springframework.web.socket.adapter.standard.StandardWebSocketHandlerAdapter$3.onMessage(StandardWebSocketHandlerAdapter.java:81)
	at org.apache.tomcat.websocket.WsFrameBase.sendMessageText(WsFrameBase.java:390)
	at org.apache.tomcat.websocket.server.WsFrameServer.sendMessageText(WsFrameServer.java:130)
	at org.apache.tomcat.websocket.WsFrameBase.processDataText(WsFrameBase.java:484)
	at org.apache.tomcat.websocket.WsFrameBase.processData(WsFrameBase.java:284)
	at org.apache.tomcat.websocket.WsFrameBase.processInputBuffer(WsFrameBase.java:130)
	at org.apache.tomcat.websocket.server.WsFrameServer.onDataAvailable(WsFrameServer.java:85)
	at org.apache.tomcat.websocket.server.WsFrameServer.doOnDataAvailable(WsFrameServer.java:184)
	at org.apache.tomcat.websocket.server.WsFrameServer.notifyDataAvailable(WsFrameServer.java:164)
	at org.apache.tomcat.websocket.server.WsHttpUpgradeHandler.upgradeDispatch(WsHttpUpgradeHandler.java:152)
	at org.apache.coyote.http11.upgrade.UpgradeProcessorInternal.dispatch(UpgradeProcessorInternal.java:60)
	at org.apache.coyote.AbstractProcessorLight.process(AbstractProcessorLight.java:57)
	at org.apache.coyote.AbstractProtocol$ConnectionHandler.process(AbstractProtocol.java:896)
	at org.apache.tomcat.util.net.NioEndpoint$SocketProcessor.doRun(NioEndpoint.java:1736)
	at org.apache.tomcat.util.net.SocketProcessorBase.run(SocketProcessorBase.java:52)
	at org.apache.tomcat.util.threads.ThreadPoolExecutor.runWorker(ThreadPoolExecutor.java:1191)
	at org.apache.tomcat.util.threads.ThreadPoolExecutor$Worker.run(ThreadPoolExecutor.java:659)
	at org.apache.tomcat.util.threads.TaskThread$WrappingRunnable.run(TaskThread.java:63)
	at java.base/java.lang.Thread.run(Thread.java:840)
2024-05-08 13:19:35,180 [http-nio-9091-exec-3] INFO  [MessageHandler] - [USER=""] - [COUNTER=""] - [REF=""] - Connection closed on session: 4f460473-8594-b7d3-40be-275253b2baf7 with status: 1011
2024-05-08 13:19:59,588 [http-nio-9091-exec-5] INFO  [DetectorCameraServiceImpl] - [USER=""] - [COUNTER=""] - [REF=""] - IN - findCameraByOwner - Date: Wed May 08 13:19:59 PKT 2024
2024-05-08 13:19:59,589 [http-nio-9091-exec-5] INFO  [DetectorCameraServiceImpl] - [USER=""] - [COUNTER=""] - [REF=""] - fetching cameraDetails from DB start
2024-05-08 13:19:59,640 [http-nio-9091-exec-5] DEBUG [MongoTemplate] - [USER=""] - [COUNTER=""] - [REF=""] - find using query: { "owner" : "Security Department"} fields: Document{{}} sort: { "owner" : "Security Department"} for class: class com.camsensehub.entity.Camera in collection: Camera
2024-05-08 13:19:59,767 [http-nio-9091-exec-5] INFO  [DetectorCameraServiceImpl] - [USER=""] - [COUNTER=""] - [REF=""] - fetching cameraDetails from DB end
2024-05-08 13:19:59,768 [http-nio-9091-exec-5] INFO  [DetectorCameraServiceImpl] - [USER=""] - [COUNTER=""] - [REF=""] - SUCCESS -> ResponseCode: 00, ResponseDesc:Processed OK
2024-05-08 13:19:59,768 [http-nio-9091-exec-5] INFO  [DetectorCameraServiceImpl] - [USER=""] - [COUNTER=""] - [REF=""] - OUT - findCameraByOwner - Date: Wed May 08 13:19:59 PKT 2024
2024-05-08 13:20:13,318 [http-nio-9091-exec-6] INFO  [MessageHandler] - [USER=""] - [COUNTER=""] - [REF=""] - Connection established on session: 8c4a2ab5-b7cc-f929-25e1-c5938e2ce898
2024-05-08 13:20:17,310 [http-nio-9091-exec-7] INFO  [MessageHandler] - [USER=""] - [COUNTER=""] - [REF=""] - Message: {
            "name": "Camera 1",
            "location": "Building A, Floor 1",
            "status": "Online",
            "ipAddress": "192.168.1.100",
            "model": "PTZ",
            "resolution": "1080p",
            "fieldOfView": "120 degrees",
            "fireDetection": true,
            "smokeDetection": true,
            "lastDetectedEvent": "Fire detected",
            "healthMetrics": "Temperature: 25C, Voltage: 12V",
            "owner": "Security Department",
            "associatedDevices": "Microphone,Speaker",
            "stampDate": "2024-05-07T12:00:00.000+00:00"
        }
2024-05-08 13:20:33,090 [http-nio-9091-exec-8] INFO  [MessageHandler] - [USER=""] - [COUNTER=""] - [REF=""] - Message: {
            "name": "Camera 1",
            "location": "Building A, Floor 1",
            "status": "Online",
            "ipAddress": "192.168.1.100",
            "model": "PTZ",
            "resolution": "1080p",
            "fieldOfView": "120 degrees",
            "fireDetection": true,
            "smokeDetection": true,
            "lastDetectedEvent": "Fire detected",
            "healthMetrics": "Temperature: 25C, Voltage: 12V",
            "owner": "Security Department",
            "associatedDevices": "Microphone,Speaker",
            "stampDate": "2024-05-07T12:00:00.000+00:00"
        }
2024-05-08 13:29:26,482 [http-nio-9091-exec-8] ERROR [ExceptionWebSocketHandlerDecorator] - [USER=""] - [COUNTER=""] - [REF=""] - Closing session due to exception for StandardWebSocketSession[id=8c4a2ab5-b7cc-f929-25e1-c5938e2ce898, uri=ws://localhost:9091/register]
java.lang.InterruptedException: sleep interrupted
	at java.base/java.lang.Thread.sleep(Native Method)
	at com.camsensehub.handler.MessageHandler.handleMessage(MessageHandler.java:28)
	at org.springframework.web.socket.handler.WebSocketHandlerDecorator.handleMessage(WebSocketHandlerDecorator.java:75)
	at org.springframework.web.socket.handler.LoggingWebSocketHandlerDecorator.handleMessage(LoggingWebSocketHandlerDecorator.java:56)
	at org.springframework.web.socket.handler.ExceptionWebSocketHandlerDecorator.handleMessage(ExceptionWebSocketHandlerDecorator.java:58)
	at org.springframework.web.socket.adapter.standard.StandardWebSocketHandlerAdapter.handleTextMessage(StandardWebSocketHandlerAdapter.java:113)
	at org.springframework.web.socket.adapter.standard.StandardWebSocketHandlerAdapter$3.onMessage(StandardWebSocketHandlerAdapter.java:84)
	at org.springframework.web.socket.adapter.standard.StandardWebSocketHandlerAdapter$3.onMessage(StandardWebSocketHandlerAdapter.java:81)
	at org.apache.tomcat.websocket.WsFrameBase.sendMessageText(WsFrameBase.java:390)
	at org.apache.tomcat.websocket.server.WsFrameServer.sendMessageText(WsFrameServer.java:130)
	at org.apache.tomcat.websocket.WsFrameBase.processDataText(WsFrameBase.java:484)
	at org.apache.tomcat.websocket.WsFrameBase.processData(WsFrameBase.java:284)
	at org.apache.tomcat.websocket.WsFrameBase.processInputBuffer(WsFrameBase.java:130)
	at org.apache.tomcat.websocket.server.WsFrameServer.onDataAvailable(WsFrameServer.java:85)
	at org.apache.tomcat.websocket.server.WsFrameServer.doOnDataAvailable(WsFrameServer.java:184)
	at org.apache.tomcat.websocket.server.WsFrameServer.notifyDataAvailable(WsFrameServer.java:164)
	at org.apache.tomcat.websocket.server.WsHttpUpgradeHandler.upgradeDispatch(WsHttpUpgradeHandler.java:152)
	at org.apache.coyote.http11.upgrade.UpgradeProcessorInternal.dispatch(UpgradeProcessorInternal.java:60)
	at org.apache.coyote.AbstractProcessorLight.process(AbstractProcessorLight.java:57)
	at org.apache.coyote.AbstractProtocol$ConnectionHandler.process(AbstractProtocol.java:896)
	at org.apache.tomcat.util.net.NioEndpoint$SocketProcessor.doRun(NioEndpoint.java:1736)
	at org.apache.tomcat.util.net.SocketProcessorBase.run(SocketProcessorBase.java:52)
	at org.apache.tomcat.util.threads.ThreadPoolExecutor.runWorker(ThreadPoolExecutor.java:1191)
	at org.apache.tomcat.util.threads.ThreadPoolExecutor$Worker.run(ThreadPoolExecutor.java:659)
	at org.apache.tomcat.util.threads.TaskThread$WrappingRunnable.run(TaskThread.java:63)
	at java.base/java.lang.Thread.run(Thread.java:840)
2024-05-08 13:29:26,484 [http-nio-9091-exec-8] INFO  [MessageHandler] - [USER=""] - [COUNTER=""] - [REF=""] - Exception occured: java.nio.channels.ClosedChannelException on session: 8c4a2ab5-b7cc-f929-25e1-c5938e2ce898
2024-05-08 13:29:26,484 [http-nio-9091-exec-8] INFO  [MessageHandler] - [USER=""] - [COUNTER=""] - [REF=""] - Connection closed on session: 8c4a2ab5-b7cc-f929-25e1-c5938e2ce898 with status: 1011
2024-05-08 13:29:26,484 [http-nio-9091-exec-8] INFO  [MessageHandler] - [USER=""] - [COUNTER=""] - [REF=""] - Exception occured: null on session: 8c4a2ab5-b7cc-f929-25e1-c5938e2ce898
2024-05-08 13:29:30,907 [main] INFO  [CamSenseHubApplication] - [USER=""] - [COUNTER=""] - [REF=""] - Starting CamSenseHubApplication using Java 17.0.9 with PID 21576 (C:\Users\MutaherAffan\Downloads\cam-sense-hub\cam-sense-hub\target\classes started by MutaherAffan in C:\Users\MutaherAffan\Downloads\cam-sense-hub\cam-sense-hub)
2024-05-08 13:29:30,909 [main] INFO  [CamSenseHubApplication] - [USER=""] - [COUNTER=""] - [REF=""] - No active profile set, falling back to 1 default profile: "default"
2024-05-08 13:29:31,472 [main] INFO  [RepositoryConfigurationDelegate] - [USER=""] - [COUNTER=""] - [REF=""] - Bootstrapping Spring Data MongoDB repositories in DEFAULT mode.
2024-05-08 13:29:31,514 [main] INFO  [RepositoryConfigurationDelegate] - [USER=""] - [COUNTER=""] - [REF=""] - Finished Spring Data repository scanning in 38 ms. Found 1 MongoDB repository interface.
2024-05-08 13:29:31,872 [main] INFO  [TomcatWebServer] - [USER=""] - [COUNTER=""] - [REF=""] - Tomcat initialized with port 9091 (http)
2024-05-08 13:29:31,880 [main] INFO  [Http11NioProtocol] - [USER=""] - [COUNTER=""] - [REF=""] - Initializing ProtocolHandler ["http-nio-9091"]
2024-05-08 13:29:31,881 [main] INFO  [StandardService] - [USER=""] - [COUNTER=""] - [REF=""] - Starting service [Tomcat]
2024-05-08 13:29:31,881 [main] INFO  [StandardEngine] - [USER=""] - [COUNTER=""] - [REF=""] - Starting Servlet engine: [Apache Tomcat/10.1.20]
2024-05-08 13:29:31,929 [main] INFO  [[/]] - [USER=""] - [COUNTER=""] - [REF=""] - Initializing Spring embedded WebApplicationContext
2024-05-08 13:29:31,929 [main] INFO  [ServletWebServerApplicationContext] - [USER=""] - [COUNTER=""] - [REF=""] - Root WebApplicationContext: initialization completed in 977 ms
2024-05-08 13:29:32,105 [main] INFO  [client] - [USER=""] - [COUNTER=""] - [REF=""] - MongoClient with metadata {"driver": {"name": "mongo-java-driver|sync|spring-boot", "version": "4.11.2"}, "os": {"type": "Windows", "name": "Windows 11", "architecture": "amd64", "version": "10.0"}, "platform": "Java/Amazon.com Inc./17.0.9+8-LTS"} created with settings MongoClientSettings{readPreference=primary, writeConcern=WriteConcern{w=null, wTimeout=null ms, journal=null}, retryWrites=true, retryReads=true, readConcern=ReadConcern{level=null}, credential=null, transportSettings=null, streamFactoryFactory=null, commandListeners=[], codecRegistry=ProvidersCodecRegistry{codecProviders=[ValueCodecProvider{}, BsonValueCodecProvider{}, DBRefCodecProvider{}, DBObjectCodecProvider{}, DocumentCodecProvider{}, CollectionCodecProvider{}, IterableCodecProvider{}, MapCodecProvider{}, GeoJsonCodecProvider{}, GridFSFileCodecProvider{}, Jsr310CodecProvider{}, JsonObjectCodecProvider{}, BsonCodecProvider{}, EnumCodecProvider{}, com.mongodb.client.model.mql.ExpressionCodecProvider@ee21292, com.mongodb.Jep395RecordCodecProvider@40c06358, com.mongodb.KotlinCodecProvider@66e21568]}, loggerSettings=LoggerSettings{maxDocumentLength=1000}, clusterSettings={hosts=[localhost:27017], srvServiceName=mongodb, mode=SINGLE, requiredClusterType=UNKNOWN, requiredReplicaSetName='null', serverSelector='null', clusterListeners='[]', serverSelectionTimeout='30000 ms', localThreshold='15 ms'}, socketSettings=SocketSettings{connectTimeoutMS=10000, readTimeoutMS=0, receiveBufferSize=0, proxySettings=ProxySettings{host=null, port=null, username=null, password=null}}, heartbeatSocketSettings=SocketSettings{connectTimeoutMS=10000, readTimeoutMS=10000, receiveBufferSize=0, proxySettings=ProxySettings{host=null, port=null, username=null, password=null}}, connectionPoolSettings=ConnectionPoolSettings{maxSize=100, minSize=0, maxWaitTimeMS=120000, maxConnectionLifeTimeMS=0, maxConnectionIdleTimeMS=0, maintenanceInitialDelayMS=0, maintenanceFrequencyMS=60000, connectionPoolListeners=[], maxConnecting=2}, serverSettings=ServerSettings{heartbeatFrequencyMS=10000, minHeartbeatFrequencyMS=500, serverListeners='[]', serverMonitorListeners='[]'}, sslSettings=SslSettings{enabled=false, invalidHostNameAllowed=false, context=null}, applicationName='null', compressorList=[], uuidRepresentation=JAVA_LEGACY, serverApi=null, autoEncryptionSettings=null, dnsClient=null, inetAddressResolver=null, contextProvider=null}
2024-05-08 13:29:32,118 [cluster-ClusterId{value='663b37ec7947ea4fe95bea3b', description='null'}-localhost:27017] INFO  [cluster] - [USER=""] - [COUNTER=""] - [REF=""] - Monitor thread successfully connected to server with description ServerDescription{address=localhost:27017, type=STANDALONE, state=CONNECTED, ok=true, minWireVersion=0, maxWireVersion=17, maxDocumentSize=16777216, logicalSessionTimeoutMinutes=30, roundTripTimeNanos=25419300}
2024-05-08 13:29:32,699 [main] INFO  [Http11NioProtocol] - [USER=""] - [COUNTER=""] - [REF=""] - Starting ProtocolHandler ["http-nio-9091"]
2024-05-08 13:29:32,720 [main] INFO  [TomcatWebServer] - [USER=""] - [COUNTER=""] - [REF=""] - Tomcat started on port 9091 (http) with context path ''
2024-05-08 13:29:32,728 [main] INFO  [CamSenseHubApplication] - [USER=""] - [COUNTER=""] - [REF=""] - Started CamSenseHubApplication in 2.454 seconds (process running for 3.264)
2024-05-08 13:30:04,364 [http-nio-9091-exec-1] INFO  [[/]] - [USER=""] - [COUNTER=""] - [REF=""] - Initializing Spring DispatcherServlet 'dispatcherServlet'
2024-05-08 13:30:04,364 [http-nio-9091-exec-1] INFO  [DispatcherServlet] - [USER=""] - [COUNTER=""] - [REF=""] - Initializing Servlet 'dispatcherServlet'
2024-05-08 13:30:04,366 [http-nio-9091-exec-1] INFO  [DispatcherServlet] - [USER=""] - [COUNTER=""] - [REF=""] - Completed initialization in 1 ms
2024-05-08 13:30:04,427 [http-nio-9091-exec-1] INFO  [MessageHandler] - [USER=""] - [COUNTER=""] - [REF=""] - Connection established on session: 38c09030-ce34-8a69-d9e4-d3a4b4f64674
2024-05-08 13:30:05,717 [http-nio-9091-exec-3] INFO  [MessageHandler] - [USER=""] - [COUNTER=""] - [REF=""] - IN - handleMessage - Date: Wed May 08 13:30:05 PKT 2024
2024-05-08 13:30:11,556 [http-nio-9091-exec-3] INFO  [MessageHandler] - [USER=""] - [COUNTER=""] - [REF=""] - received message: {"name": "Camera 1", "location": "Building A, Floor 1","status": "Online","ipAddress": "192.168.1.100","model": "PTZ","resolution": "1080p","fieldOfView": "120 degrees","fireDetection": true,"smokeDetection": true,"lastDetectedEvent": "Fire detected","healthMetrics": "Temperature: 25C, Voltage: 12V","owner": "Security Department","associatedDevices": "Microphone,Speaker","stampDate": "2024-05-07T12:00:00.000+00:00"}
2024-05-08 13:30:29,568 [http-nio-9091-exec-3] INFO  [MessageHandler] - [USER=""] - [COUNTER=""] - [REF=""] - saving event captured from camera: Camera 1 start
2024-05-08 13:30:37,484 [http-nio-9091-exec-3] DEBUG [MongoTemplate] - [USER=""] - [COUNTER=""] - [REF=""] - Inserting Document containing fields: [name, location, status, ipAddress, model, resolution, fieldOfView, fireDetection, smokeDetection, lastDetectedEvent, healthMetrics, owner, associatedDevices, stampDate, _class] in collection: Camera
2024-05-08 13:30:41,506 [http-nio-9091-exec-3] INFO  [MessageHandler] - [USER=""] - [COUNTER=""] - [REF=""] - saving event captured from camera: Camera 1 end
2024-05-08 13:30:47,834 [http-nio-9091-exec-3] INFO  [MessageHandler] - [USER=""] - [COUNTER=""] - [REF=""] - OUT - handleMessage - Date: Wed May 08 13:30:47 PKT 2024
2024-05-08 13:31:03,340 [http-nio-9091-exec-4] INFO  [MessageHandler] - [USER=""] - [COUNTER=""] - [REF=""] - Connection closed on session: 38c09030-ce34-8a69-d9e4-d3a4b4f64674 with status: 1000
2024-05-08 13:31:06,597 [http-nio-9091-exec-2] INFO  [MessageHandler] - [USER=""] - [COUNTER=""] - [REF=""] - Connection established on session: 8f1e84af-c55d-633b-0c1d-b28997f81881
2024-05-08 13:31:10,156 [http-nio-9091-exec-5] INFO  [MessageHandler] - [USER=""] - [COUNTER=""] - [REF=""] - IN - handleMessage - Date: Wed May 08 13:31:10 PKT 2024
2024-05-08 13:31:12,125 [http-nio-9091-exec-5] INFO  [MessageHandler] - [USER=""] - [COUNTER=""] - [REF=""] - received message: {"name": "Camera 1", "location": "Building A, Floor 1","status": "Online","ipAddress": "192.168.1.100","model": "PTZ","resolution": "1080p","fieldOfView": "120 degrees","fireDetection": true,"smokeDetection": true,"lastDetectedEvent": "Fire detected","healthMetrics": "Temperature: 25C, Voltage: 12V","owner": "Security Department","associatedDevices": "Microphone,Speaker","stampDate": "2024-05-07T12:00:00.000+00:00"}
2024-05-08 13:31:12,937 [http-nio-9091-exec-5] INFO  [MessageHandler] - [USER=""] - [COUNTER=""] - [REF=""] - saving event captured from camera: Camera 1 start
2024-05-08 13:31:13,157 [http-nio-9091-exec-5] DEBUG [MongoTemplate] - [USER=""] - [COUNTER=""] - [REF=""] - Inserting Document containing fields: [name, location, status, ipAddress, model, resolution, fieldOfView, fireDetection, smokeDetection, lastDetectedEvent, healthMetrics, owner, associatedDevices, stampDate, _class] in collection: Camera
2024-05-08 13:31:13,549 [http-nio-9091-exec-5] INFO  [MessageHandler] - [USER=""] - [COUNTER=""] - [REF=""] - saving event captured from camera: Camera 1 end
2024-05-08 13:31:17,716 [http-nio-9091-exec-5] INFO  [MessageHandler] - [USER=""] - [COUNTER=""] - [REF=""] - OUT - handleMessage - Date: Wed May 08 13:31:17 PKT 2024
2024-05-08 13:31:22,062 [http-nio-9091-exec-6] INFO  [MessageHandler] - [USER=""] - [COUNTER=""] - [REF=""] - Connection closed on session: 8f1e84af-c55d-633b-0c1d-b28997f81881 with status: 1000
2024-05-08 13:31:37,716 [http-nio-9091-exec-7] INFO  [MessageHandler] - [USER=""] - [COUNTER=""] - [REF=""] - Connection established on session: 0f41334f-30dd-042a-94b1-0167ea77209b
2024-05-08 13:31:38,698 [http-nio-9091-exec-8] INFO  [MessageHandler] - [USER=""] - [COUNTER=""] - [REF=""] - IN - handleMessage - Date: Wed May 08 13:31:38 PKT 2024
2024-05-08 13:31:41,187 [http-nio-9091-exec-8] INFO  [MessageHandler] - [USER=""] - [COUNTER=""] - [REF=""] - received message: {"name": "Camera 1", "location": "Building A, Floor 1","status": "Online","ipAddress": "192.168.1.100","model": "PTZ","resolution": "1080p","fieldOfView": "120 degrees","fireDetection": true,"smokeDetection": true,"lastDetectedEvent": "Fire detected","healthMetrics": "Temperature: 25C, Voltage: 12V","owner": "Security Department","associatedDevices": "Microphone,Speaker","stampDate": "2024-05-07T12:00:00.000+00:00"}
2024-05-08 13:32:14,685 [http-nio-9091-exec-8] INFO  [MessageHandler] - [USER=""] - [COUNTER=""] - [REF=""] - saving event captured from camera: Mutaher's Home Camera start
2024-05-08 13:32:16,157 [http-nio-9091-exec-8] DEBUG [MongoTemplate] - [USER=""] - [COUNTER=""] - [REF=""] - Inserting Document containing fields: [name, location, status, ipAddress, model, resolution, fieldOfView, fireDetection, smokeDetection, lastDetectedEvent, healthMetrics, owner, associatedDevices, stampDate, _class] in collection: Camera
2024-05-08 13:32:16,841 [http-nio-9091-exec-8] INFO  [MessageHandler] - [USER=""] - [COUNTER=""] - [REF=""] - saving event captured from camera: Mutaher's Home Camera end
2024-05-08 13:32:19,329 [http-nio-9091-exec-8] INFO  [MessageHandler] - [USER=""] - [COUNTER=""] - [REF=""] - OUT - handleMessage - Date: Wed May 08 13:32:19 PKT 2024
2024-05-08 13:32:25,915 [http-nio-9091-exec-9] INFO  [DetectorCameraServiceImpl] - [USER=""] - [COUNTER=""] - [REF=""] - IN - getAllCameraDetails - Date: Wed May 08 13:32:25 PKT 2024
2024-05-08 13:32:25,915 [http-nio-9091-exec-9] INFO  [DetectorCameraServiceImpl] - [USER=""] - [COUNTER=""] - [REF=""] - fetching cameraDetails from DB start
2024-05-08 13:32:25,918 [http-nio-9091-exec-9] DEBUG [MongoTemplate] - [USER=""] - [COUNTER=""] - [REF=""] - find using query: {} fields: Document{{}} sort: null for class: class com.camsensehub.entity.Camera in collection: Camera
2024-05-08 13:32:25,959 [http-nio-9091-exec-9] INFO  [DetectorCameraServiceImpl] - [USER=""] - [COUNTER=""] - [REF=""] - fetching cameraDetails from DB end
2024-05-08 13:32:25,961 [http-nio-9091-exec-9] INFO  [DetectorCameraServiceImpl] - [USER=""] - [COUNTER=""] - [REF=""] - SUCCESS -> ResponseCode: 00, ResponseDesc:Processed OK
2024-05-08 13:32:25,961 [http-nio-9091-exec-9] INFO  [DetectorCameraServiceImpl] - [USER=""] - [COUNTER=""] - [REF=""] - OUT - getAllCameraDetails - Date: Wed May 08 13:32:25 PKT 2024
2024-05-08 13:38:05,158 [SpringApplicationShutdownHook] INFO  [MessageHandler] - [USER=""] - [COUNTER=""] - [REF=""] - Exception occured: java.nio.channels.ClosedChannelException on session: 0f41334f-30dd-042a-94b1-0167ea77209b
2024-05-08 13:38:05,158 [SpringApplicationShutdownHook] INFO  [MessageHandler] - [USER=""] - [COUNTER=""] - [REF=""] - Connection closed on session: 0f41334f-30dd-042a-94b1-0167ea77209b with status: 1001
